1551376710161	mozrunner::runner	INFO	Running command: "/usr/bin/firefox" "-marionette" "-foreground" "-no-remote" "-profile" "/tmp/rust_mozprofile.BdIAhJZhWsmw"
1551376710604	addons.webextension.screenshots@mozilla.org	WARN	Loading extension 'screenshots@mozilla.org': Reading manifest: Invalid host permission: resource://pdf.js/
1551376710605	addons.webextension.screenshots@mozilla.org	WARN	Loading extension 'screenshots@mozilla.org': Reading manifest: Invalid host permission: about:reader*

(firefox:3845): Gtk-WARNING **: 18:58:30.924: Theme parsing error: <data>:1:34: Expected ')' in color definition

(firefox:3845): Gtk-WARNING **: 18:58:30.924: Theme parsing error: <data>:1:77: Expected ')' in color definition
1551376712374	Marionette	INFO	Listening on port 38031
1551376712508	Marionette	WARN	TLS certificate errors will be ignored for this session
1551376721306	Marionette	WARN	TimedPromise timed out after 0 ms: stacktrace:
bail@chrome://marionette/content/sync.js:196:64
console.error: BroadcastService: 
  receivedBroadcastMessage: handler for
  remote-settings/monitor_changes
  threw error:
  Message: Error: Polling for changes failed: NetworkError when attempting to fetch resource..
  Stack:
    remoteSettingsFunction/remoteSettings.pollChanges@resource://services-settings/remote-settings.js:188:13

1551378383783	mozrunner::runner	INFO	Running command: "/usr/bin/firefox" "-marionette" "-foreground" "-no-remote" "-profile" "/tmp/rust_mozprofile.wqaivGtbNOOW"
1551378384206	addons.webextension.screenshots@mozilla.org	WARN	Loading extension 'screenshots@mozilla.org': Reading manifest: Invalid host permission: resource://pdf.js/
1551378384206	addons.webextension.screenshots@mozilla.org	WARN	Loading extension 'screenshots@mozilla.org': Reading manifest: Invalid host permission: about:reader*

(firefox:5487): Gtk-WARNING **: 19:26:24.503: Theme parsing error: <data>:1:34: Expected ')' in color definition

(firefox:5487): Gtk-WARNING **: 19:26:24.503: Theme parsing error: <data>:1:77: Expected ')' in color definition
1551378386002	Marionette	INFO	Listening on port 41189
1551378386214	Marionette	WARN	TLS certificate errors will be ignored for this session
1551378388935	Marionette	WARN	TimedPromise timed out after 0 ms: stacktrace:
bail@chrome://marionette/content/sync.js:196:64
1551378864719	mozrunner::runner	INFO	Running command: "/usr/bin/firefox" "-marionette" "-foreground" "-no-remote" "-profile" "/tmp/rust_mozprofile.ERfPxDqzkreE"
1551378865134	addons.webextension.screenshots@mozilla.org	WARN	Loading extension 'screenshots@mozilla.org': Reading manifest: Invalid host permission: resource://pdf.js/
1551378865134	addons.webextension.screenshots@mozilla.org	WARN	Loading extension 'screenshots@mozilla.org': Reading manifest: Invalid host permission: about:reader*

(firefox:6609): Gtk-WARNING **: 19:34:25.439: Theme parsing error: <data>:1:34: Expected ')' in color definition

(firefox:6609): Gtk-WARNING **: 19:34:25.439: Theme parsing error: <data>:1:77: Expected ')' in color definition
1551378866806	Marionette	INFO	Listening on port 37467
1551378866832	Marionette	WARN	TLS certificate errors will be ignored for this session
1551378873239	Marionette	WARN	TimedPromise timed out after 0 ms: stacktrace:
bail@chrome://marionette/content/sync.js:196:64
1551378914611	mozrunner::runner	INFO	Running command: "/usr/bin/firefox" "-marionette" "-foreground" "-no-remote" "-profile" "/tmp/rust_mozprofile.unyRXd7DzyM3"
1551378915030	addons.webextension.screenshots@mozilla.org	WARN	Loading extension 'screenshots@mozilla.org': Reading manifest: Invalid host permission: resource://pdf.js/
1551378915030	addons.webextension.screenshots@mozilla.org	WARN	Loading extension 'screenshots@mozilla.org': Reading manifest: Invalid host permission: about:reader*

(firefox:7539): Gtk-WARNING **: 19:35:15.316: Theme parsing error: <data>:1:34: Expected ')' in color definition

(firefox:7539): Gtk-WARNING **: 19:35:15.316: Theme parsing error: <data>:1:77: Expected ')' in color definition
1551378916715	Marionette	INFO	Listening on port 46755
1551378916728	Marionette	WARN	TLS certificate errors will be ignored for this session
1551378926050	Marionette	WARN	TimedPromise timed out after 0 ms: stacktrace:
bail@chrome://marionette/content/sync.js:196:64
JavaScript error: https://s.go-mpulse.net/boomerang/BH4JM-AQSZM-ZUSA2-45UEU-NZWA4, line 11: SecurityError: Permission denied to access property "chrome" on cross-origin object
console.error: BroadcastService: 
  receivedBroadcastMessage: handler for
  remote-settings/monitor_changes
  threw error:
  Message: Error: Polling for changes failed: NetworkError when attempting to fetch resource..
  Stack:
    remoteSettingsFunction/remoteSettings.pollChanges@resource://services-settings/remote-settings.js:188:13

console.error: BroadcastService: 
  receivedBroadcastMessage: handler for
  remote-settings/monitor_changes
  threw error:
  Message: Error: Polling for changes failed: NetworkError when attempting to fetch resource..
  Stack:
    remoteSettingsFunction/remoteSettings.pollChanges@resource://services-settings/remote-settings.js:188:13

console.error: BroadcastService: 
  receivedBroadcastMessage: handler for
  remote-settings/monitor_changes
  threw error:
  Message: Error: Polling for changes failed: NetworkError when attempting to fetch resource..
  Stack:
    remoteSettingsFunction/remoteSettings.pollChanges@resource://services-settings/remote-settings.js:188:13

IPDL protocol error: Handler returned error code!

###!!! [Parent][DispatchAsyncMessage] Error: PLayerTransaction::Msg_ReleaseLayer Processing error: message was deserialized, but the handler returned false (indicating failure)

IPDL protocol error: Handler returned error code!

###!!! [Parent][DispatchAsyncMessage] Error: PLayerTransaction::Msg_ReleaseLayer Processing error: message was deserialized, but the handler returned false (indicating failure)

IPDL protocol error: Handler returned error code!

###!!! [Parent][DispatchAsyncMessage] Error: PLayerTransaction::Msg_ReleaseLayer Processing error: message was deserialized, but the handler returned false (indicating failure)

IPDL protocol error: Handler returned error code!

###!!! [Parent][DispatchAsyncMessage] Error: PLayerTransaction::Msg_ReleaseLayer Processing error: message was deserialized, but the handler returned false (indicating failure)

IPDL protocol error: Handler returned error code!

###!!! [Parent][DispatchAsyncMessage] Error: PLayerTransaction::Msg_ReleaseLayer Processing error: message was deserialized, but the handler returned false (indicating failure)

IPDL protocol error: Handler returned error code!

###!!! [Parent][DispatchAsyncMessage] Error: PLayerTransaction::Msg_ReleaseLayer Processing error: message was deserialized, but the handler returned false (indicating failure)

IPDL protocol error: Handler returned error code!

###!!! [Parent][DispatchAsyncMessage] Error: PLayerTransaction::Msg_ReleaseLayer Processing error: message was deserialized, but the handler returned false (indicating failure)

IPDL protocol error: Handler returned error code!

###!!! [Parent][DispatchAsyncMessage] Error: PLayerTransaction::Msg_ReleaseLayer Processing error: message was deserialized, but the handler returned false (indicating failure)

IPDL protocol error: Handler returned error code!

###!!! [Parent][DispatchAsyncMessage] Error: PLayerTransaction::Msg_ReleaseLayer Processing error: message was deserialized, but the handler returned false (indicating failure)

IPDL protocol error: Handler returned error code!

###!!! [Parent][DispatchAsyncMessage] Error: PLayerTransaction::Msg_ReleaseLayer Processing error: message was deserialized, but the handler returned false (indicating failure)

IPDL protocol error: Handler returned error code!

###!!! [Parent][DispatchAsyncMessage] Error: PLayerTransaction::Msg_ReleaseLayer Processing error: message was deserialized, but the handler returned false (indicating failure)

[Parent 3845, Gecko_IOThread] WARNING: pipe error (79): Połączenie zerwane przez drugą stronę: file /build/firefox-DVGW0d/firefox-65.0.1+build2/ipc/chromium/src/chrome/common/ipc_channel_posix.cc, line 349
1551378941377	Marionette	INFO	Stopped listening on port 38031
IPDL protocol error: Handler returned error code!

###!!! [Parent][DispatchAsyncMessage] Error: PLayerTransaction::Msg_ReleaseLayer Processing error: message was deserialized, but the handler returned false (indicating failure)

IPDL protocol error: Handler returned error code!

###!!! [Parent][DispatchAsyncMessage] Error: PLayerTransaction::Msg_ReleaseLayer Processing error: message was deserialized, but the handler returned false (indicating failure)

IPDL protocol error: Handler returned error code!

###!!! [Parent][DispatchAsyncMessage] Error: PLayerTransaction::Msg_ReleaseLayer Processing error: message was deserialized, but the handler returned false (indicating failure)

[Parent 5487, Gecko_IOThread] WARNING: pipe error (79): Połączenie zerwane przez drugą stronę: file /build/firefox-DVGW0d/firefox-65.0.1+build2/ipc/chromium/src/chrome/common/ipc_channel_posix.cc, line 349
[Parent 5487, Gecko_IOThread] WARNING: pipe error (87): Połączenie zerwane przez drugą stronę: file /build/firefox-DVGW0d/firefox-65.0.1+build2/ipc/chromium/src/chrome/common/ipc_channel_posix.cc, line 349
1551378943268	Marionette	INFO	Stopped listening on port 41189
[Parent 6609, Gecko_IOThread] WARNING: pipe error (69): Połączenie zerwane przez drugą stronę: file /build/firefox-DVGW0d/firefox-65.0.1+build2/ipc/chromium/src/chrome/common/ipc_channel_posix.cc, line 349
1551378945223	Marionette	INFO	Stopped listening on port 37467
1551379100276	mozrunner::runner	INFO	Running command: "/usr/bin/firefox" "-marionette" "-foreground" "-no-remote" "-profile" "/tmp/rust_mozprofile.NgAdA7KWFYPG"
1551379100693	addons.webextension.screenshots@mozilla.org	WARN	Loading extension 'screenshots@mozilla.org': Reading manifest: Invalid host permission: resource://pdf.js/
1551379100693	addons.webextension.screenshots@mozilla.org	WARN	Loading extension 'screenshots@mozilla.org': Reading manifest: Invalid host permission: about:reader*

(firefox:8565): Gtk-WARNING **: 19:38:20.981: Theme parsing error: <data>:1:34: Expected ')' in color definition

(firefox:8565): Gtk-WARNING **: 19:38:20.981: Theme parsing error: <data>:1:77: Expected ')' in color definition
1551379102369	Marionette	INFO	Listening on port 40891
1551379102424	Marionette	WARN	TLS certificate errors will be ignored for this session
1551379106836	Marionette	WARN	TimedPromise timed out after 0 ms: stacktrace:
bail@chrome://marionette/content/sync.js:196:64
JavaScript error: https://s.go-mpulse.net/boomerang/BH4JM-AQSZM-ZUSA2-45UEU-NZWA4, line 11: SecurityError: Permission denied to access property "chrome" on cross-origin object

(/usr/lib/firefox/firefox:8725): dconf-WARNING **: 19:38:28.107: Unable to open /var/lib/snapd/desktop/dconf/profile/user: Brak dostępu
1551379240071	mozrunner::runner	INFO	Running command: "/usr/bin/firefox" "-marionette" "-foreground" "-no-remote" "-profile" "/tmp/rust_mozprofile.TjTxeYALcbAt"
1551379240484	addons.webextension.screenshots@mozilla.org	WARN	Loading extension 'screenshots@mozilla.org': Reading manifest: Invalid host permission: resource://pdf.js/
1551379240484	addons.webextension.screenshots@mozilla.org	WARN	Loading extension 'screenshots@mozilla.org': Reading manifest: Invalid host permission: about:reader*

(firefox:9527): Gtk-WARNING **: 19:40:40.776: Theme parsing error: <data>:1:34: Expected ')' in color definition

(firefox:9527): Gtk-WARNING **: 19:40:40.776: Theme parsing error: <data>:1:77: Expected ')' in color definition
1551379242160	Marionette	INFO	Listening on port 36321
1551379242200	Marionette	WARN	TLS certificate errors will be ignored for this session
1551379245682	Marionette	WARN	TimedPromise timed out after 0 ms: stacktrace:
bail@chrome://marionette/content/sync.js:196:64

(/usr/lib/firefox/firefox:9681): dconf-WARNING **: 19:40:46.985: Unable to open /var/lib/snapd/desktop/dconf/profile/user: Brak dostępu
1551379319014	mozrunner::runner	INFO	Running command: "/usr/bin/firefox" "-marionette" "-foreground" "-no-remote" "-profile" "/tmp/rust_mozprofile.cDCFayGwbJcO"
1551379319429	addons.webextension.screenshots@mozilla.org	WARN	Loading extension 'screenshots@mozilla.org': Reading manifest: Invalid host permission: resource://pdf.js/
1551379319429	addons.webextension.screenshots@mozilla.org	WARN	Loading extension 'screenshots@mozilla.org': Reading manifest: Invalid host permission: about:reader*

(firefox:10463): Gtk-WARNING **: 19:41:59.721: Theme parsing error: <data>:1:34: Expected ')' in color definition

(firefox:10463): Gtk-WARNING **: 19:41:59.721: Theme parsing error: <data>:1:77: Expected ')' in color definition
1551379321190	Marionette	INFO	Listening on port 43801
1551379321230	Marionette	WARN	TLS certificate errors will be ignored for this session
1551379331628	Marionette	WARN	TimedPromise timed out after 0 ms: stacktrace:
bail@chrome://marionette/content/sync.js:196:64

(/usr/lib/firefox/firefox:10626): dconf-WARNING **: 19:42:15.911: Unable to open /var/lib/snapd/desktop/dconf/profile/user: Brak dostępu
IPDL protocol error: Handler returned error code!

###!!! [Parent][DispatchAsyncMessage] Error: PLayerTransaction::Msg_ReleaseLayer Processing error: message was deserialized, but the handler returned false (indicating failure)

IPDL protocol error: Handler returned error code!

###!!! [Parent][DispatchAsyncMessage] Error: PLayerTransaction::Msg_ReleaseLayer Processing error: message was deserialized, but the handler returned false (indicating failure)

IPDL protocol error: Handler returned error code!

###!!! [Parent][DispatchAsyncMessage] Error: PLayerTransaction::Msg_ReleaseLayer Processing error: message was deserialized, but the handler returned false (indicating failure)

[Parent 7539, Gecko_IOThread] WARNING: pipe error (79): Połączenie zerwane przez drugą stronę: file /build/firefox-DVGW0d/firefox-65.0.1+build2/ipc/chromium/src/chrome/common/ipc_channel_posix.cc, line 349
[Parent 7539, Gecko_IOThread] WARNING: pipe error (93): Połączenie zerwane przez drugą stronę: file /build/firefox-DVGW0d/firefox-65.0.1+build2/ipc/chromium/src/chrome/common/ipc_channel_posix.cc, line 349
1551379341989	Marionette	INFO	Stopped listening on port 46755
[Parent 8565, Gecko_IOThread] WARNING: pipe error (87): Połączenie zerwane przez drugą stronę: file /build/firefox-DVGW0d/firefox-65.0.1+build2/ipc/chromium/src/chrome/common/ipc_channel_posix.cc, line 349
[Parent 8565, Gecko_IOThread] WARNING: pipe error (79): Połączenie zerwane przez drugą stronę: file /build/firefox-DVGW0d/firefox-65.0.1+build2/ipc/chromium/src/chrome/common/ipc_channel_posix.cc, line 349
1551379345205	Marionette	INFO	Stopped listening on port 40891
[Parent 9527, Gecko_IOThread] WARNING: pipe error (79): Połączenie zerwane przez drugą stronę: file /build/firefox-DVGW0d/firefox-65.0.1+build2/ipc/chromium/src/chrome/common/ipc_channel_posix.cc, line 349
[Parent 9527, Gecko_IOThread] WARNING: pipe error (71): Połączenie zerwane przez drugą stronę: file /build/firefox-DVGW0d/firefox-65.0.1+build2/ipc/chromium/src/chrome/common/ipc_channel_posix.cc, line 349
1551379346629	Marionette	INFO	Stopped listening on port 36321
1551379348061	Marionette	INFO	Stopped listening on port 43801
1551379775493	mozrunner::runner	INFO	Running command: "/usr/bin/firefox" "-marionette" "-foreground" "-no-remote" "-profile" "/tmp/rust_mozprofile.KZWmAqzmkyId"
1551379775973	addons.webextension.screenshots@mozilla.org	WARN	Loading extension 'screenshots@mozilla.org': Reading manifest: Invalid host permission: resource://pdf.js/
1551379775974	addons.webextension.screenshots@mozilla.org	WARN	Loading extension 'screenshots@mozilla.org': Reading manifest: Invalid host permission: about:reader*

(firefox:11671): Gtk-WARNING **: 19:49:36.283: Theme parsing error: <data>:1:34: Expected ')' in color definition

(firefox:11671): Gtk-WARNING **: 19:49:36.284: Theme parsing error: <data>:1:77: Expected ')' in color definition
1551379777706	Marionette	INFO	Listening on port 41159
1551379777802	Marionette	WARN	TLS certificate errors will be ignored for this session
1551379783641	Marionette	WARN	TimedPromise timed out after 0 ms: stacktrace:
bail@chrome://marionette/content/sync.js:196:64

(/usr/lib/firefox/firefox:11817): dconf-WARNING **: 19:49:47.849: Unable to open /var/lib/snapd/desktop/dconf/profile/user: Brak dostępu

###!!! [Child][RunMessage] Error: Channel closing: too late to send/recv, messages will be lost

[Parent 11671, Gecko_IOThread] WARNING: pipe error (127): Połączenie zerwane przez drugą stronę: file /build/firefox-DVGW0d/firefox-65.0.1+build2/ipc/chromium/src/chrome/common/ipc_channel_posix.cc, line 349
1551379795996	Marionette	INFO	Stopped listening on port 41159
1551379819094	mozrunner::runner	INFO	Running command: "/usr/bin/firefox" "-marionette" "-foreground" "-no-remote" "-profile" "/tmp/rust_mozprofile.CyJfHPqOBKEC"
1551379819512	addons.webextension.screenshots@mozilla.org	WARN	Loading extension 'screenshots@mozilla.org': Reading manifest: Invalid host permission: resource://pdf.js/
1551379819513	addons.webextension.screenshots@mozilla.org	WARN	Loading extension 'screenshots@mozilla.org': Reading manifest: Invalid host permission: about:reader*

(firefox:12573): Gtk-WARNING **: 19:50:19.802: Theme parsing error: <data>:1:34: Expected ')' in color definition

(firefox:12573): Gtk-WARNING **: 19:50:19.802: Theme parsing error: <data>:1:77: Expected ')' in color definition
1551379821225	Marionette	INFO	Listening on port 42031
1551379821303	Marionette	WARN	TLS certificate errors will be ignored for this session
1551379824190	Marionette	WARN	TimedPromise timed out after 0 ms: stacktrace:
bail@chrome://marionette/content/sync.js:196:64

(/usr/lib/firefox/firefox:12732): dconf-WARNING **: 19:50:28.384: Unable to open /var/lib/snapd/desktop/dconf/profile/user: Brak dostępu

###!!! [Child][RunMessage] Error: Channel closing: too late to send/recv, messages will be lost

[Parent 12573, Gecko_IOThread] WARNING: pipe error (79): Połączenie zerwane przez drugą stronę: file /build/firefox-DVGW0d/firefox-65.0.1+build2/ipc/chromium/src/chrome/common/ipc_channel_posix.cc, line 349
[Parent 12573, Gecko_IOThread] WARNING: pipe error (69): Połączenie zerwane przez drugą stronę: file /build/firefox-DVGW0d/firefox-65.0.1+build2/ipc/chromium/src/chrome/common/ipc_channel_posix.cc, line 349
1551379838101	Marionette	INFO	Stopped listening on port 42031
1551381278885	mozrunner::runner	INFO	Running command: "/usr/bin/firefox" "-marionette" "-foreground" "-no-remote" "-profile" "/tmp/rust_mozprofile.gLrzIBkjfLVn"
1551381279312	addons.webextension.screenshots@mozilla.org	WARN	Loading extension 'screenshots@mozilla.org': Reading manifest: Invalid host permission: resource://pdf.js/
1551381279312	addons.webextension.screenshots@mozilla.org	WARN	Loading extension 'screenshots@mozilla.org': Reading manifest: Invalid host permission: about:reader*

(firefox:13699): Gtk-WARNING **: 20:14:39.616: Theme parsing error: <data>:1:34: Expected ')' in color definition

(firefox:13699): Gtk-WARNING **: 20:14:39.616: Theme parsing error: <data>:1:77: Expected ')' in color definition
1551381280933	Marionette	INFO	Listening on port 35825
1551381281011	Marionette	WARN	TLS certificate errors will be ignored for this session
1551381289252	Marionette	WARN	TimedPromise timed out after 0 ms: stacktrace:
bail@chrome://marionette/content/sync.js:196:64
JavaScript error: https://s.go-mpulse.net/boomerang/BH4JM-AQSZM-ZUSA2-45UEU-NZWA4, line 11: SecurityError: Permission denied to access property "chrome" on cross-origin object

(/usr/lib/firefox/firefox:13869): dconf-WARNING **: 20:14:50.866: Unable to open /var/lib/snapd/desktop/dconf/profile/user: Brak dostępu
console.error: BroadcastService: 
  receivedBroadcastMessage: handler for
  remote-settings/monitor_changes
  threw error:
  Message: Error: Polling for changes failed: NetworkError when attempting to fetch resource..
  Stack:
    remoteSettingsFunction/remoteSettings.pollChanges@resource://services-settings/remote-settings.js:188:13

1551381577122	mozrunner::runner	INFO	Running command: "/usr/bin/firefox" "-marionette" "-foreground" "-no-remote" "-profile" "/tmp/rust_mozprofile.n4xi9h4ws1rh"
1551381577542	addons.webextension.screenshots@mozilla.org	WARN	Loading extension 'screenshots@mozilla.org': Reading manifest: Invalid host permission: resource://pdf.js/
1551381577542	addons.webextension.screenshots@mozilla.org	WARN	Loading extension 'screenshots@mozilla.org': Reading manifest: Invalid host permission: about:reader*

(firefox:14770): Gtk-WARNING **: 20:19:37.844: Theme parsing error: <data>:1:34: Expected ')' in color definition

(firefox:14770): Gtk-WARNING **: 20:19:37.844: Theme parsing error: <data>:1:77: Expected ')' in color definition
1551381579210	Marionette	INFO	Listening on port 38447
1551381579237	Marionette	WARN	TLS certificate errors will be ignored for this session
1551381585149	Marionette	WARN	TimedPromise timed out after 0 ms: stacktrace:
bail@chrome://marionette/content/sync.js:196:64

(/usr/lib/firefox/firefox:14922): dconf-WARNING **: 20:19:46.620: Unable to open /var/lib/snapd/desktop/dconf/profile/user: Brak dostępu
JavaScript error: resource:///actors/NetErrorChild.jsm, line 728: TypeError: docShell.failedChannel is null
JavaScript error: https://static-media-prod-cdn.sumo.mozilla.net/static/build/common-min.4b219b53323f.js, line 10: Error: Error retrieving geoip data
JavaScript error: https://mozillapl.org/wiki/skins/common/wikibits.js, line 248: ReferenceError: mediaWiki is not defined
JavaScript error: resource://gre/modules/WebProgressChild.jsm, line 58: TypeError: this.mm.content is null
1551382162754	mozrunner::runner	INFO	Running command: "/usr/bin/firefox" "-marionette" "-foreground" "-no-remote" "-profile" "/tmp/rust_mozprofile.0wCzm04eIDfT"
1551382163181	addons.webextension.screenshots@mozilla.org	WARN	Loading extension 'screenshots@mozilla.org': Reading manifest: Invalid host permission: resource://pdf.js/
1551382163181	addons.webextension.screenshots@mozilla.org	WARN	Loading extension 'screenshots@mozilla.org': Reading manifest: Invalid host permission: about:reader*

(firefox:15995): Gtk-WARNING **: 20:29:23.474: Theme parsing error: <data>:1:34: Expected ')' in color definition

(firefox:15995): Gtk-WARNING **: 20:29:23.474: Theme parsing error: <data>:1:77: Expected ')' in color definition
1551382165097	Marionette	INFO	Listening on port 37393
1551382165227	Marionette	WARN	TLS certificate errors will be ignored for this session
1551382168433	Marionette	WARN	TimedPromise timed out after 0 ms: stacktrace:
bail@chrome://marionette/content/sync.js:196:64
IPDL protocol error: Handler returned error code!

###!!! [Parent][DispatchAsyncMessage] Error: PLayerTransaction::Msg_ReleaseLayer Processing error: message was deserialized, but the handler returned false (indicating failure)

IPDL protocol error: Handler returned error code!

###!!! [Parent][DispatchAsyncMessage] Error: PLayerTransaction::Msg_ReleaseLayer Processing error: message was deserialized, but the handler returned false (indicating failure)

IPDL protocol error: Handler returned error code!

###!!! [Parent][DispatchAsyncMessage] Error: PLayerTransaction::Msg_ReleaseLayer Processing error: message was deserialized, but the handler returned false (indicating failure)

[Parent 14770, Gecko_IOThread] WARNING: pipe error: Przerwany potok: file /build/firefox-DVGW0d/firefox-65.0.1+build2/ipc/chromium/src/chrome/common/ipc_channel_posix.cc, line 718
[Parent 14770, Gecko_IOThread] WARNING: pipe error (69): Połączenie zerwane przez drugą stronę: file /build/firefox-DVGW0d/firefox-65.0.1+build2/ipc/chromium/src/chrome/common/ipc_channel_posix.cc, line 349
1551382256492	Marionette	INFO	Stopped listening on port 38447
JavaScript error: resource://gre/modules/WebProgressChild.jsm, line 58: TypeError: this.mm.content is null
IPDL protocol error: Handler returned error code!

###!!! [Parent][DispatchAsyncMessage] Error: PLayerTransaction::Msg_ReleaseLayer Processing error: message was deserialized, but the handler returned false (indicating failure)

IPDL protocol error: Handler returned error code!

###!!! [Parent][DispatchAsyncMessage] Error: PLayerTransaction::Msg_ReleaseLayer Processing error: message was deserialized, but the handler returned false (indicating failure)

IPDL protocol error: Handler returned error code!

###!!! [Parent][DispatchAsyncMessage] Error: PLayerTransaction::Msg_ReleaseLayer Processing error: message was deserialized, but the handler returned false (indicating failure)

IPDL protocol error: Handler returned error code!

###!!! [Parent][DispatchAsyncMessage] Error: PLayerTransaction::Msg_ReleaseLayer Processing error: message was deserialized, but the handler returned false (indicating failure)

IPDL protocol error: Handler returned error code!

###!!! [Parent][DispatchAsyncMessage] Error: PLayerTransaction::Msg_ReleaseLayer Processing error: message was deserialized, but the handler returned false (indicating failure)

IPDL protocol error: Handler returned error code!

###!!! [Parent][DispatchAsyncMessage] Error: PLayerTransaction::Msg_ReleaseLayer Processing error: message was deserialized, but the handler returned false (indicating failure)

IPDL protocol error: Handler returned error code!

###!!! [Parent][DispatchAsyncMessage] Error: PLayerTransaction::Msg_ReleaseLayer Processing error: message was deserialized, but the handler returned false (indicating failure)

IPDL protocol error: Handler returned error code!

###!!! [Parent][DispatchAsyncMessage] Error: PLayerTransaction::Msg_ReleaseLayer Processing error: message was deserialized, but the handler returned false (indicating failure)

IPDL protocol error: Handler returned error code!

###!!! [Parent][DispatchAsyncMessage] Error: PLayerTransaction::Msg_ReleaseLayer Processing error: message was deserialized, but the handler returned false (indicating failure)

IPDL protocol error: Handler returned error code!

###!!! [Parent][DispatchAsyncMessage] Error: PLayerTransaction::Msg_ReleaseLayer Processing error: message was deserialized, but the handler returned false (indicating failure)

IPDL protocol error: Handler returned error code!

###!!! [Parent][DispatchAsyncMessage] Error: PLayerTransaction::Msg_ReleaseLayer Processing error: message was deserialized, but the handler returned false (indicating failure)

[Parent 15995, Gecko_IOThread] WARNING: pipe error (79): Połączenie zerwane przez drugą stronę: file /build/firefox-DVGW0d/firefox-65.0.1+build2/ipc/chromium/src/chrome/common/ipc_channel_posix.cc, line 349
1551382258094	Marionette	INFO	Stopped listening on port 37393
1551382808597	mozrunner::runner	INFO	Running command: "/usr/bin/firefox" "-marionette" "-foreground" "-no-remote" "-profile" "/tmp/rust_mozprofile.WfOM7MFbxocv"
1551382809022	addons.webextension.screenshots@mozilla.org	WARN	Loading extension 'screenshots@mozilla.org': Reading manifest: Invalid host permission: resource://pdf.js/
1551382809022	addons.webextension.screenshots@mozilla.org	WARN	Loading extension 'screenshots@mozilla.org': Reading manifest: Invalid host permission: about:reader*

(firefox:17155): Gtk-WARNING **: 20:40:09.325: Theme parsing error: <data>:1:34: Expected ')' in color definition

(firefox:17155): Gtk-WARNING **: 20:40:09.325: Theme parsing error: <data>:1:77: Expected ')' in color definition
1551382810981	Marionette	INFO	Listening on port 38119
1551382811022	Marionette	WARN	TLS certificate errors will be ignored for this session
1551382818903	Marionette	WARN	TimedPromise timed out after 0 ms: stacktrace:
bail@chrome://marionette/content/sync.js:196:64
1551382861294	mozrunner::runner	INFO	Running command: "/usr/bin/firefox" "-marionette" "-foreground" "-no-remote" "-profile" "/tmp/rust_mozprofile.APut3blyNaCo"
1551382861715	addons.webextension.screenshots@mozilla.org	WARN	Loading extension 'screenshots@mozilla.org': Reading manifest: Invalid host permission: resource://pdf.js/
1551382861715	addons.webextension.screenshots@mozilla.org	WARN	Loading extension 'screenshots@mozilla.org': Reading manifest: Invalid host permission: about:reader*

(firefox:18101): Gtk-WARNING **: 20:41:02.035: Theme parsing error: <data>:1:34: Expected ')' in color definition

(firefox:18101): Gtk-WARNING **: 20:41:02.035: Theme parsing error: <data>:1:77: Expected ')' in color definition
1551382863728	Marionette	INFO	Listening on port 36345
1551382863843	Marionette	WARN	TLS certificate errors will be ignored for this session
1551382870785	Marionette	WARN	TimedPromise timed out after 0 ms: stacktrace:
bail@chrome://marionette/content/sync.js:196:64
JavaScript error: https://s.go-mpulse.net/boomerang/BH4JM-AQSZM-ZUSA2-45UEU-NZWA4, line 11: SecurityError: Permission denied to access property "chrome" on cross-origin object
1551382933803	mozrunner::runner	INFO	Running command: "/usr/bin/firefox" "-marionette" "-foreground" "-no-remote" "-profile" "/tmp/rust_mozprofile.JLpiaAMCgQhr"
1551382934229	addons.webextension.screenshots@mozilla.org	WARN	Loading extension 'screenshots@mozilla.org': Reading manifest: Invalid host permission: resource://pdf.js/
1551382934230	addons.webextension.screenshots@mozilla.org	WARN	Loading extension 'screenshots@mozilla.org': Reading manifest: Invalid host permission: about:reader*

(firefox:19055): Gtk-WARNING **: 20:42:14.517: Theme parsing error: <data>:1:34: Expected ')' in color definition

(firefox:19055): Gtk-WARNING **: 20:42:14.517: Theme parsing error: <data>:1:77: Expected ')' in color definition
1551382936147	Marionette	INFO	Listening on port 43493
1551382936274	Marionette	WARN	TLS certificate errors will be ignored for this session
1551382944951	Marionette	WARN	TimedPromise timed out after 0 ms: stacktrace:
bail@chrome://marionette/content/sync.js:196:64
[Parent 17155, Gecko_IOThread] WARNING: pipe error (79): Połączenie zerwane przez drugą stronę: file /build/firefox-DVGW0d/firefox-65.0.1+build2/ipc/chromium/src/chrome/common/ipc_channel_posix.cc, line 349
[Parent 17155, Gecko_IOThread] WARNING: pipe error (93): Połączenie zerwane przez drugą stronę: file /build/firefox-DVGW0d/firefox-65.0.1+build2/ipc/chromium/src/chrome/common/ipc_channel_posix.cc, line 349
[Parent 17155, Gecko_IOThread] WARNING: pipe error (124): Połączenie zerwane przez drugą stronę: file /build/firefox-DVGW0d/firefox-65.0.1+build2/ipc/chromium/src/chrome/common/ipc_channel_posix.cc, line 349
1551383074910	Marionette	INFO	Stopped listening on port 38119
IPDL protocol error: Handler returned error code!

###!!! [Parent][DispatchAsyncMessage] Error: PLayerTransaction::Msg_ReleaseLayer Processing error: message was deserialized, but the handler returned false (indicating failure)

IPDL protocol error: Handler returned error code!

###!!! [Parent][DispatchAsyncMessage] Error: PLayerTransaction::Msg_ReleaseLayer Processing error: message was deserialized, but the handler returned false (indicating failure)

IPDL protocol error: Handler returned error code!

###!!! [Parent][DispatchAsyncMessage] Error: PLayerTransaction::Msg_ReleaseLayer Processing error: message was deserialized, but the handler returned false (indicating failure)

IPDL protocol error: Handler returned error code!

###!!! [Parent][DispatchAsyncMessage] Error: PLayerTransaction::Msg_ReleaseLayer Processing error: message was deserialized, but the handler returned false (indicating failure)

IPDL protocol error: Handler returned error code!

###!!! [Parent][DispatchAsyncMessage] Error: PLayerTransaction::Msg_ReleaseLayer Processing error: message was deserialized, but the handler returned false (indicating failure)

IPDL protocol error: Handler returned error code!

###!!! [Parent][DispatchAsyncMessage] Error: PLayerTransaction::Msg_ReleaseLayer Processing error: message was deserialized, but the handler returned false (indicating failure)

IPDL protocol error: Handler returned error code!

###!!! [Parent][DispatchAsyncMessage] Error: PLayerTransaction::Msg_ReleaseLayer Processing error: message was deserialized, but the handler returned false (indicating failure)

IPDL protocol error: Handler returned error code!

###!!! [Parent][DispatchAsyncMessage] Error: PLayerTransaction::Msg_ReleaseLayer Processing error: message was deserialized, but the handler returned false (indicating failure)

IPDL protocol error: Handler returned error code!

###!!! [Parent][DispatchAsyncMessage] Error: PLayerTransaction::Msg_ReleaseLayer Processing error: message was deserialized, but the handler returned false (indicating failure)

IPDL protocol error: Handler returned error code!

###!!! [Parent][DispatchAsyncMessage] Error: PLayerTransaction::Msg_ReleaseLayer Processing error: message was deserialized, but the handler returned false (indicating failure)

IPDL protocol error: Handler returned error code!

###!!! [Parent][DispatchAsyncMessage] Error: PLayerTransaction::Msg_ReleaseLayer Processing error: message was deserialized, but the handler returned false (indicating failure)

[Parent 13699, Gecko_IOThread] WARNING: pipe error (79): Połączenie zerwane przez drugą stronę: file /build/firefox-DVGW0d/firefox-65.0.1+build2/ipc/chromium/src/chrome/common/ipc_channel_posix.cc, line 349
1551383076495	Marionette	INFO	Stopped listening on port 35825
[Parent 18101, Gecko_IOThread] WARNING: pipe error (71): Połączenie zerwane przez drugą stronę: file /build/firefox-DVGW0d/firefox-65.0.1+build2/ipc/chromium/src/chrome/common/ipc_channel_posix.cc, line 349
[Parent 18101, Gecko_IOThread] WARNING: pipe error (79): Połączenie zerwane przez drugą stronę: file /build/firefox-DVGW0d/firefox-65.0.1+build2/ipc/chromium/src/chrome/common/ipc_channel_posix.cc, line 349
1551383077463	Marionette	INFO	Stopped listening on port 36345
1551383102299	mozrunner::runner	INFO	Running command: "/usr/bin/firefox" "-marionette" "-foreground" "-no-remote" "-profile" "/tmp/rust_mozprofile.Zd9xOdF2tJFo"
1551383102739	addons.webextension.screenshots@mozilla.org	WARN	Loading extension 'screenshots@mozilla.org': Reading manifest: Invalid host permission: resource://pdf.js/
1551383102739	addons.webextension.screenshots@mozilla.org	WARN	Loading extension 'screenshots@mozilla.org': Reading manifest: Invalid host permission: about:reader*

(firefox:20071): Gtk-WARNING **: 20:45:03.035: Theme parsing error: <data>:1:34: Expected ')' in color definition

(firefox:20071): Gtk-WARNING **: 20:45:03.035: Theme parsing error: <data>:1:77: Expected ')' in color definition
1551383104392	Marionette	INFO	Listening on port 46339
1551383104411	Marionette	WARN	TLS certificate errors will be ignored for this session
1551383107360	Marionette	WARN	TimedPromise timed out after 0 ms: stacktrace:
bail@chrome://marionette/content/sync.js:196:64
1551383266745	mozrunner::runner	INFO	Running command: "/usr/bin/firefox" "-marionette" "-foreground" "-no-remote" "-profile" "/tmp/rust_mozprofile.0Whjhme56ud4"
1551383267162	addons.webextension.screenshots@mozilla.org	WARN	Loading extension 'screenshots@mozilla.org': Reading manifest: Invalid host permission: resource://pdf.js/
1551383267162	addons.webextension.screenshots@mozilla.org	WARN	Loading extension 'screenshots@mozilla.org': Reading manifest: Invalid host permission: about:reader*

(firefox:21029): Gtk-WARNING **: 20:47:47.451: Theme parsing error: <data>:1:34: Expected ')' in color definition

(firefox:21029): Gtk-WARNING **: 20:47:47.451: Theme parsing error: <data>:1:77: Expected ')' in color definition
1551383268814	Marionette	INFO	Listening on port 42653
1551383268981	Marionette	WARN	TLS certificate errors will be ignored for this session
1551383274980	Marionette	WARN	TimedPromise timed out after 0 ms: stacktrace:
bail@chrome://marionette/content/sync.js:196:64

(/usr/lib/firefox/firefox:21196): dconf-WARNING **: 20:48:06.235: Unable to open /var/lib/snapd/desktop/dconf/profile/user: Brak dostępu
console.error: BroadcastService: 
  receivedBroadcastMessage: handler for
  remote-settings/monitor_changes
  threw error:
  Message: Error: Polling for changes failed: NetworkError when attempting to fetch resource..
  Stack:
    remoteSettingsFunction/remoteSettings.pollChanges@resource://services-settings/remote-settings.js:188:13

console.error: BroadcastService: 
  receivedBroadcastMessage: handler for
  remote-settings/monitor_changes
  threw error:
console.error: BroadcastService: 
  Message: Error: Polling for changes failed: NetworkError when attempting to fetch resource..
  Stack:
    remoteSettingsFunction/remoteSettings.pollChanges@resource://services-settings/remote-settings.js:188:13

  receivedBroadcastMessage: handler for
  remote-settings/monitor_changes
  threw error:
  Message: Error: Polling for changes failed: NetworkError when attempting to fetch resource..
  Stack:
    remoteSettingsFunction/remoteSettings.pollChanges@resource://services-settings/remote-settings.js:188:13

[Child 20226, Chrome_ChildThread] WARNING: pipe error: Przerwany potok: file /build/firefox-DVGW0d/firefox-65.0.1+build2/ipc/chromium/src/chrome/common/ipc_channel_posix.cc, line 718
[Child 20226, Chrome_ChildThread] WARNING: pipe error: Przerwany potok: file /build/firefox-DVGW0d/firefox-65.0.1+build2/ipc/chromium/src/chrome/common/ipc_channel_posix.cc, line 718
[Parent 20071, Gecko_IOThread] WARNING: pipe error (82): Połączenie zerwane przez drugą stronę: file /build/firefox-DVGW0d/firefox-65.0.1+build2/ipc/chromium/src/chrome/common/ipc_channel_posix.cc, line 349
1551383384190	Marionette	INFO	Stopped listening on port 46339
[Parent 21029, Gecko_IOThread] WARNING: pipe error (79): Połączenie zerwane przez drugą stronę: file /build/firefox-DVGW0d/firefox-65.0.1+build2/ipc/chromium/src/chrome/common/ipc_channel_posix.cc, line 349
[Parent 21029, Gecko_IOThread] WARNING: pipe error (85): Połączenie zerwane przez drugą stronę: file /build/firefox-DVGW0d/firefox-65.0.1+build2/ipc/chromium/src/chrome/common/ipc_channel_posix.cc, line 349
1551383401803	Marionette	INFO	Stopped listening on port 42653
[Parent 19055, Gecko_IOThread] WARNING: pipe error (79): Połączenie zerwane przez drugą stronę: file /build/firefox-DVGW0d/firefox-65.0.1+build2/ipc/chromium/src/chrome/common/ipc_channel_posix.cc, line 349
[Parent 19055, Gecko_IOThread] WARNING: pipe error (85): Połączenie zerwane przez drugą stronę: file /build/firefox-DVGW0d/firefox-65.0.1+build2/ipc/chromium/src/chrome/common/ipc_channel_posix.cc, line 349
1551383403515	Marionette	INFO	Stopped listening on port 43493
1551383479124	mozrunner::runner	INFO	Running command: "/usr/bin/firefox" "-marionette" "-foreground" "-no-remote" "-profile" "/tmp/rust_mozprofile.IlIZ8Ubht35i"
1551383479539	addons.webextension.screenshots@mozilla.org	WARN	Loading extension 'screenshots@mozilla.org': Reading manifest: Invalid host permission: resource://pdf.js/
1551383479539	addons.webextension.screenshots@mozilla.org	WARN	Loading extension 'screenshots@mozilla.org': Reading manifest: Invalid host permission: about:reader*

(firefox:22042): Gtk-WARNING **: 20:51:19.826: Theme parsing error: <data>:1:34: Expected ')' in color definition

(firefox:22042): Gtk-WARNING **: 20:51:19.826: Theme parsing error: <data>:1:77: Expected ')' in color definition
1551383481197	Marionette	INFO	Listening on port 41691
1551383481240	Marionette	WARN	TLS certificate errors will be ignored for this session
1551383490097	Marionette	WARN	TimedPromise timed out after 0 ms: stacktrace:
bail@chrome://marionette/content/sync.js:196:64
JavaScript error: https://s.go-mpulse.net/boomerang/BH4JM-AQSZM-ZUSA2-45UEU-NZWA4, line 11: SecurityError: Permission denied to access property "chrome" on cross-origin object
1551383937658	mozrunner::runner	INFO	Running command: "/usr/bin/firefox" "-marionette" "-foreground" "-no-remote" "-profile" "/tmp/rust_mozprofile.Uo1iWKDInhTO"
1551383938143	addons.webextension.screenshots@mozilla.org	WARN	Loading extension 'screenshots@mozilla.org': Reading manifest: Invalid host permission: resource://pdf.js/
1551383938143	addons.webextension.screenshots@mozilla.org	WARN	Loading extension 'screenshots@mozilla.org': Reading manifest: Invalid host permission: about:reader*

(firefox:23186): Gtk-WARNING **: 20:58:58.454: Theme parsing error: <data>:1:34: Expected ')' in color definition

(firefox:23186): Gtk-WARNING **: 20:58:58.454: Theme parsing error: <data>:1:77: Expected ')' in color definition
1551383939773	Marionette	INFO	Listening on port 39531
1551383939869	Marionette	WARN	TLS certificate errors will be ignored for this session
1551383945054	Marionette	WARN	TimedPromise timed out after 0 ms: stacktrace:
bail@chrome://marionette/content/sync.js:196:64
1551384230377	mozrunner::runner	INFO	Running command: "/usr/bin/firefox" "-marionette" "-foreground" "-no-remote" "-profile" "/tmp/rust_mozprofile.AljfGSt3aMaN"
1551384230795	addons.webextension.screenshots@mozilla.org	WARN	Loading extension 'screenshots@mozilla.org': Reading manifest: Invalid host permission: resource://pdf.js/
1551384230796	addons.webextension.screenshots@mozilla.org	WARN	Loading extension 'screenshots@mozilla.org': Reading manifest: Invalid host permission: about:reader*

(firefox:24212): Gtk-WARNING **: 21:03:51.098: Theme parsing error: <data>:1:34: Expected ')' in color definition

(firefox:24212): Gtk-WARNING **: 21:03:51.098: Theme parsing error: <data>:1:77: Expected ')' in color definition
1551384232424	Marionette	INFO	Listening on port 37639
1551384232502	Marionette	WARN	TLS certificate errors will be ignored for this session
1551384237534	Marionette	WARN	TimedPromise timed out after 0 ms: stacktrace:
bail@chrome://marionette/content/sync.js:196:64
1551384241172	Marionette	WARN	TimedPromise timed out after 0 ms: stacktrace:
bail@chrome://marionette/content/sync.js:196:64
console.error: BroadcastService: 
  receivedBroadcastMessage: handler for
  remote-settings/monitor_changes
  threw error:
  Message: Error: Polling for changes failed: NetworkError when attempting to fetch resource..
  Stack:
    remoteSettingsFunction/remoteSettings.pollChanges@resource://services-settings/remote-settings.js:188:13

console.error: BroadcastService: 
  receivedBroadcastMessage: handler for
  remote-settings/monitor_changes
  threw error:
  Message: Error: Polling for changes failed: NetworkError when attempting to fetch resource..
  Stack:
    remoteSettingsFunction/remoteSettings.pollChanges@resource://services-settings/remote-settings.js:188:13

1551384448565	mozrunner::runner	INFO	Running command: "/usr/bin/firefox" "-marionette" "-foreground" "-no-remote" "-profile" "/tmp/rust_mozprofile.LjuxT3zqQse0"
1551384448987	addons.webextension.screenshots@mozilla.org	WARN	Loading extension 'screenshots@mozilla.org': Reading manifest: Invalid host permission: resource://pdf.js/
1551384448987	addons.webextension.screenshots@mozilla.org	WARN	Loading extension 'screenshots@mozilla.org': Reading manifest: Invalid host permission: about:reader*

(firefox:25204): Gtk-WARNING **: 21:07:29.277: Theme parsing error: <data>:1:34: Expected ')' in color definition

(firefox:25204): Gtk-WARNING **: 21:07:29.277: Theme parsing error: <data>:1:77: Expected ')' in color definition
1551384450690	Marionette	INFO	Listening on port 40283
1551384450772	Marionette	WARN	TLS certificate errors will be ignored for this session
1551384456603	Marionette	WARN	TimedPromise timed out after 0 ms: stacktrace:
bail@chrome://marionette/content/sync.js:196:64
1551384460321	Marionette	WARN	TimedPromise timed out after 0 ms: stacktrace:
bail@chrome://marionette/content/sync.js:196:64
console.error: BroadcastService: 
  receivedBroadcastMessage: handler for
  remote-settings/monitor_changes
  threw error:
  Message: Error: Polling for changes failed: NetworkError when attempting to fetch resource..
  Stack:
    remoteSettingsFunction/remoteSettings.pollChanges@resource://services-settings/remote-settings.js:188:13

console.error: BroadcastService: 
  receivedBroadcastMessage: handler for
  remote-settings/monitor_changes
  threw error:
  Message: Error: Polling for changes failed: NetworkError when attempting to fetch resource..
  Stack:
    remoteSettingsFunction/remoteSettings.pollChanges@resource://services-settings/remote-settings.js:188:13

[Parent 25204, Gecko_IOThread] WARNING: pipe error (79): Połączenie zerwane przez drugą stronę: file /build/firefox-DVGW0d/firefox-65.0.1+build2/ipc/chromium/src/chrome/common/ipc_channel_posix.cc, line 349
1551384512020	Marionette	INFO	Stopped listening on port 40283
[Parent 24212, Gecko_IOThread] WARNING: pipe error (85): Połączenie zerwane przez drugą stronę: file /build/firefox-DVGW0d/firefox-65.0.1+build2/ipc/chromium/src/chrome/common/ipc_channel_posix.cc, line 349
[Parent 24212, Gecko_IOThread] WARNING: pipe error (125): Połączenie zerwane przez drugą stronę: file /build/firefox-DVGW0d/firefox-65.0.1+build2/ipc/chromium/src/chrome/common/ipc_channel_posix.cc, line 349
[Parent 24212, Gecko_IOThread] WARNING: pipe error (79): Połączenie zerwane przez drugą stronę: file /build/firefox-DVGW0d/firefox-65.0.1+build2/ipc/chromium/src/chrome/common/ipc_channel_posix.cc, line 349
1551384516703	Marionette	INFO	Stopped listening on port 37639
JavaScript error: resource://gre/modules/WebProgressChild.jsm, line 58: TypeError: this.mm.content is null
IPDL protocol error: Handler returned error code!

###!!! [Parent][DispatchAsyncMessage] Error: PLayerTransaction::Msg_ReleaseLayer Processing error: message was deserialized, but the handler returned false (indicating failure)

IPDL protocol error: Handler returned error code!

###!!! [Parent][DispatchAsyncMessage] Error: PLayerTransaction::Msg_ReleaseLayer Processing error: message was deserialized, but the handler returned false (indicating failure)

IPDL protocol error: Handler returned error code!

###!!! [Parent][DispatchAsyncMessage] Error: PLayerTransaction::Msg_ReleaseLayer Processing error: message was deserialized, but the handler returned false (indicating failure)

IPDL protocol error: Handler returned error code!

###!!! [Parent][DispatchAsyncMessage] Error: PLayerTransaction::Msg_ReleaseLayer Processing error: message was deserialized, but the handler returned false (indicating failure)

IPDL protocol error: Handler returned error code!

###!!! [Parent][DispatchAsyncMessage] Error: PLayerTransaction::Msg_ReleaseLayer Processing error: message was deserialized, but the handler returned false (indicating failure)

IPDL protocol error: Handler returned error code!

###!!! [Parent][DispatchAsyncMessage] Error: PLayerTransaction::Msg_ReleaseLayer Processing error: message was deserialized, but the handler returned false (indicating failure)

IPDL protocol error: Handler returned error code!

###!!! [Parent][DispatchAsyncMessage] Error: PLayerTransaction::Msg_ReleaseLayer Processing error: message was deserialized, but the handler returned false (indicating failure)

IPDL protocol error: Handler returned error code!

###!!! [Parent][DispatchAsyncMessage] Error: PLayerTransaction::Msg_ReleaseLayer Processing error: message was deserialized, but the handler returned false (indicating failure)

IPDL protocol error: Handler returned error code!

###!!! [Parent][DispatchAsyncMessage] Error: PLayerTransaction::Msg_ReleaseLayer Processing error: message was deserialized, but the handler returned false (indicating failure)

IPDL protocol error: Handler returned error code!

###!!! [Parent][DispatchAsyncMessage] Error: PLayerTransaction::Msg_ReleaseLayer Processing error: message was deserialized, but the handler returned false (indicating failure)

IPDL protocol error: Handler returned error code!

###!!! [Parent][DispatchAsyncMessage] Error: PLayerTransaction::Msg_ReleaseLayer Processing error: message was deserialized, but the handler returned false (indicating failure)

[Parent 23186, Gecko_IOThread] WARNING: pipe error (79): Połączenie zerwane przez drugą stronę: file /build/firefox-DVGW0d/firefox-65.0.1+build2/ipc/chromium/src/chrome/common/ipc_channel_posix.cc, line 349
1551384517931	Marionette	INFO	Stopped listening on port 39531
IPDL protocol error: Handler returned error code!

###!!! [Parent][DispatchAsyncMessage] Error: PLayerTransaction::Msg_ReleaseLayer Processing error: message was deserialized, but the handler returned false (indicating failure)

IPDL protocol error: Handler returned error code!

###!!! [Parent][DispatchAsyncMessage] Error: PLayerTransaction::Msg_ReleaseLayer Processing error: message was deserialized, but the handler returned false (indicating failure)

IPDL protocol error: Handler returned error code!

###!!! [Parent][DispatchAsyncMessage] Error: PLayerTransaction::Msg_ReleaseLayer Processing error: message was deserialized, but the handler returned false (indicating failure)

[Parent 22042, Gecko_IOThread] WARNING: pipe error (79): Połączenie zerwane przez drugą stronę: file /build/firefox-DVGW0d/firefox-65.0.1+build2/ipc/chromium/src/chrome/common/ipc_channel_posix.cc, line 349
[Parent 22042, Gecko_IOThread] WARNING: pipe error (69): Połączenie zerwane przez drugą stronę: file /build/firefox-DVGW0d/firefox-65.0.1+build2/ipc/chromium/src/chrome/common/ipc_channel_posix.cc, line 349
[Parent 22042, Gecko_IOThread] WARNING: pipe error (124): Połączenie zerwane przez drugą stronę: file /build/firefox-DVGW0d/firefox-65.0.1+build2/ipc/chromium/src/chrome/common/ipc_channel_posix.cc, line 349
1551384519675	Marionette	INFO	Stopped listening on port 41691
1551384521800	mozrunner::runner	INFO	Running command: "/usr/bin/firefox" "-marionette" "-foreground" "-no-remote" "-profile" "/tmp/rust_mozprofile.jtC5e9D4eo5j"
1551384522221	addons.webextension.screenshots@mozilla.org	WARN	Loading extension 'screenshots@mozilla.org': Reading manifest: Invalid host permission: resource://pdf.js/
1551384522221	addons.webextension.screenshots@mozilla.org	WARN	Loading extension 'screenshots@mozilla.org': Reading manifest: Invalid host permission: about:reader*

(firefox:26153): Gtk-WARNING **: 21:08:42.540: Theme parsing error: <data>:1:34: Expected ')' in color definition

(firefox:26153): Gtk-WARNING **: 21:08:42.540: Theme parsing error: <data>:1:77: Expected ')' in color definition
1551384523845	Marionette	INFO	Listening on port 45267
1551384523924	Marionette	WARN	TLS certificate errors will be ignored for this session
1551384528048	Marionette	WARN	TimedPromise timed out after 0 ms: stacktrace:
bail@chrome://marionette/content/sync.js:196:64
1551384531743	Marionette	WARN	TimedPromise timed out after 0 ms: stacktrace:
bail@chrome://marionette/content/sync.js:196:64
1551384690429	mozrunner::runner	INFO	Running command: "/usr/bin/firefox" "-marionette" "-foreground" "-no-remote" "-profile" "/tmp/rust_mozprofile.eZtO5DQY4qF3"
1551384690848	addons.webextension.screenshots@mozilla.org	WARN	Loading extension 'screenshots@mozilla.org': Reading manifest: Invalid host permission: resource://pdf.js/
1551384690849	addons.webextension.screenshots@mozilla.org	WARN	Loading extension 'screenshots@mozilla.org': Reading manifest: Invalid host permission: about:reader*

(firefox:27131): Gtk-WARNING **: 21:11:31.145: Theme parsing error: <data>:1:34: Expected ')' in color definition

(firefox:27131): Gtk-WARNING **: 21:11:31.145: Theme parsing error: <data>:1:77: Expected ')' in color definition
1551384692493	Marionette	INFO	Listening on port 39421
1551384692559	Marionette	WARN	TLS certificate errors will be ignored for this session
1551384697993	Marionette	WARN	TimedPromise timed out after 0 ms: stacktrace:
bail@chrome://marionette/content/sync.js:196:64
1551384707860	Marionette	WARN	TimedPromise timed out after 0 ms: stacktrace:
bail@chrome://marionette/content/sync.js:196:64
console.error: BroadcastService: 
  receivedBroadcastMessage: handler for
  remote-settings/monitor_changes
  threw error:
  Message: Error: Polling for changes failed: NetworkError when attempting to fetch resource..
  Stack:
    remoteSettingsFunction/remoteSettings.pollChanges@resource://services-settings/remote-settings.js:188:13

console.error: BroadcastService: 
  receivedBroadcastMessage: handler for
  remote-settings/monitor_changes
  threw error:
  Message: Error: Polling for changes failed: NetworkError when attempting to fetch resource..
  Stack:
    remoteSettingsFunction/remoteSettings.pollChanges@resource://services-settings/remote-settings.js:188:13

1551384910443	mozrunner::runner	INFO	Running command: "/usr/bin/firefox" "-marionette" "-foreground" "-no-remote" "-profile" "/tmp/rust_mozprofile.N1jFGjBuxuxN"
1551384910858	addons.webextension.screenshots@mozilla.org	WARN	Loading extension 'screenshots@mozilla.org': Reading manifest: Invalid host permission: resource://pdf.js/
1551384910858	addons.webextension.screenshots@mozilla.org	WARN	Loading extension 'screenshots@mozilla.org': Reading manifest: Invalid host permission: about:reader*

(firefox:28514): Gtk-WARNING **: 21:15:11.155: Theme parsing error: <data>:1:34: Expected ')' in color definition

(firefox:28514): Gtk-WARNING **: 21:15:11.155: Theme parsing error: <data>:1:77: Expected ')' in color definition
1551384912505	Marionette	INFO	Listening on port 39301
1551384912635	Marionette	WARN	TLS certificate errors will be ignored for this session
console.error: BroadcastService: 
  receivedBroadcastMessage: handler for
  remote-settings/monitor_changes
  threw error:
  Message: Error: Polling for changes failed: NetworkError when attempting to fetch resource..
  Stack:
    remoteSettingsFunction/remoteSettings.pollChanges@resource://services-settings/remote-settings.js:188:13

1551384938751	Marionette	WARN	TimedPromise timed out after 0 ms: stacktrace:
bail@chrome://marionette/content/sync.js:196:64
1551384943503	Marionette	WARN	TimedPromise timed out after 0 ms: stacktrace:
bail@chrome://marionette/content/sync.js:196:64
1551384945606	Marionette	WARN	TimedPromise timed out after 0 ms: stacktrace:
bail@chrome://marionette/content/sync.js:196:64
[Parent 26153, Gecko_IOThread] WARNING: pipe error (79): Połączenie zerwane przez drugą stronę: file /build/firefox-DVGW0d/firefox-65.0.1+build2/ipc/chromium/src/chrome/common/ipc_channel_posix.cc, line 349
[Parent 26153, Gecko_IOThread] WARNING: pipe error (96): Połączenie zerwane przez drugą stronę: file /build/firefox-DVGW0d/firefox-65.0.1+build2/ipc/chromium/src/chrome/common/ipc_channel_posix.cc, line 349
1551385085320	Marionette	INFO	Stopped listening on port 45267

###!!! [Child][RunMessage] Error: Channel closing: too late to send/recv, messages will be lost

1551385087120	Marionette	INFO	Stopped listening on port 39421

(/usr/lib/firefox/firefox:28684): dconf-WARNING **: 21:18:14.353: Unable to open /var/lib/snapd/desktop/dconf/profile/user: Brak dostępu
1551385552237	mozrunner::runner	INFO	Running command: "/usr/bin/firefox" "-marionette" "-foreground" "-no-remote" "-profile" "/tmp/rust_mozprofile.fluYuhi5Zkqy"
1551385552654	addons.webextension.screenshots@mozilla.org	WARN	Loading extension 'screenshots@mozilla.org': Reading manifest: Invalid host permission: resource://pdf.js/
1551385552655	addons.webextension.screenshots@mozilla.org	WARN	Loading extension 'screenshots@mozilla.org': Reading manifest: Invalid host permission: about:reader*

(firefox:29677): Gtk-WARNING **: 21:25:52.936: Theme parsing error: <data>:1:34: Expected ')' in color definition

(firefox:29677): Gtk-WARNING **: 21:25:52.936: Theme parsing error: <data>:1:77: Expected ')' in color definition
1551385554261	Marionette	INFO	Listening on port 42079
1551385554349	Marionette	WARN	TLS certificate errors will be ignored for this session
1551385560908	Marionette	WARN	TimedPromise timed out after 0 ms: stacktrace:
bail@chrome://marionette/content/sync.js:196:64
1551385564875	Marionette	WARN	TimedPromise timed out after 0 ms: stacktrace:
bail@chrome://marionette/content/sync.js:196:64
1551385569246	Marionette	WARN	TimedPromise timed out after 0 ms: stacktrace:
bail@chrome://marionette/content/sync.js:196:64
console.error: BroadcastService: 
  receivedBroadcastMessage: handler for
  remote-settings/monitor_changes
  threw error:
  Message: Error: Polling for changes failed: NetworkError when attempting to fetch resource..
  Stack:
    remoteSettingsFunction/remoteSettings.pollChanges@resource://services-settings/remote-settings.js:188:13

[Parent 29677, Gecko_IOThread] WARNING: pipe error (79): Połączenie zerwane przez drugą stronę: file /build/firefox-DVGW0d/firefox-65.0.1+build2/ipc/chromium/src/chrome/common/ipc_channel_posix.cc, line 349
[Parent 29677, Gecko_IOThread] WARNING: pipe error (82): Połączenie zerwane przez drugą stronę: file /build/firefox-DVGW0d/firefox-65.0.1+build2/ipc/chromium/src/chrome/common/ipc_channel_posix.cc, line 349
1551385614525	Marionette	INFO	Stopped listening on port 42079
[Child 28684, Chrome_ChildThread] WARNING: pipe error (3): Połączenie zerwane przez drugą stronę: file /build/firefox-DVGW0d/firefox-65.0.1+build2/ipc/chromium/src/chrome/common/ipc_channel_posix.cc, line 349
[Parent 28514, Gecko_IOThread] WARNING: pipe error (130): Połączenie zerwane przez drugą stronę: file /build/firefox-DVGW0d/firefox-65.0.1+build2/ipc/chromium/src/chrome/common/ipc_channel_posix.cc, line 349
1551385615835	Marionette	INFO	Stopped listening on port 39301
1551385618323	mozrunner::runner	INFO	Running command: "/usr/bin/firefox" "-marionette" "-foreground" "-no-remote" "-profile" "/tmp/rust_mozprofile.LxiYEbVb2rdN"
1551385618762	addons.webextension.screenshots@mozilla.org	WARN	Loading extension 'screenshots@mozilla.org': Reading manifest: Invalid host permission: resource://pdf.js/
1551385618762	addons.webextension.screenshots@mozilla.org	WARN	Loading extension 'screenshots@mozilla.org': Reading manifest: Invalid host permission: about:reader*

(firefox:30610): Gtk-WARNING **: 21:26:59.046: Theme parsing error: <data>:1:34: Expected ')' in color definition

(firefox:30610): Gtk-WARNING **: 21:26:59.046: Theme parsing error: <data>:1:77: Expected ')' in color definition
1551385620488	Marionette	INFO	Listening on port 34635
1551385620531	Marionette	WARN	TLS certificate errors will be ignored for this session
1551385625021	Marionette	WARN	TimedPromise timed out after 0 ms: stacktrace:
bail@chrome://marionette/content/sync.js:196:64
1551385629046	Marionette	WARN	TimedPromise timed out after 0 ms: stacktrace:
bail@chrome://marionette/content/sync.js:196:64
1551385631960	Marionette	WARN	TimedPromise timed out after 0 ms: stacktrace:
bail@chrome://marionette/content/sync.js:196:64

###!!! [Child][RunMessage] Error: Channel closing: too late to send/recv, messages will be lost

[Parent 30610, Gecko_IOThread] WARNING: pipe error (79): Połączenie zerwane przez drugą stronę: file /build/firefox-DVGW0d/firefox-65.0.1+build2/ipc/chromium/src/chrome/common/ipc_channel_posix.cc, line 349
[Parent 30610, Gecko_IOThread] WARNING: pipe error (85): Połączenie zerwane przez drugą stronę: file /build/firefox-DVGW0d/firefox-65.0.1+build2/ipc/chromium/src/chrome/common/ipc_channel_posix.cc, line 349
1551385642752	Marionette	INFO	Stopped listening on port 34635
1551385664116	mozrunner::runner	INFO	Running command: "/usr/bin/firefox" "-marionette" "-foreground" "-no-remote" "-profile" "/tmp/rust_mozprofile.hnQ5hVYBDAmo"
1551385664552	addons.webextension.screenshots@mozilla.org	WARN	Loading extension 'screenshots@mozilla.org': Reading manifest: Invalid host permission: resource://pdf.js/
1551385664552	addons.webextension.screenshots@mozilla.org	WARN	Loading extension 'screenshots@mozilla.org': Reading manifest: Invalid host permission: about:reader*

(firefox:31532): Gtk-WARNING **: 21:27:44.844: Theme parsing error: <data>:1:34: Expected ')' in color definition

(firefox:31532): Gtk-WARNING **: 21:27:44.844: Theme parsing error: <data>:1:77: Expected ')' in color definition
1551385666169	Marionette	INFO	Listening on port 42969
1551385666237	Marionette	WARN	TLS certificate errors will be ignored for this session
1551385670632	Marionette	WARN	TimedPromise timed out after 0 ms: stacktrace:
bail@chrome://marionette/content/sync.js:196:64
1551385674103	Marionette	WARN	TimedPromise timed out after 0 ms: stacktrace:
bail@chrome://marionette/content/sync.js:196:64
1551385678001	Marionette	WARN	TimedPromise timed out after 0 ms: stacktrace:
bail@chrome://marionette/content/sync.js:196:64
1551385681743	Marionette	INFO	Stopped listening on port 42969

###!!! [Child][RunMessage] Error: Channel closing: too late to send/recv, messages will be lost


###!!! [Child][MessageChannel] Error: (msgtype=0x52000E,name=PHttpChannel::Msg_DeletingChannel) Channel closing: too late to send/recv, messages will be lost

1551385932283	mozrunner::runner	INFO	Running command: "/usr/bin/firefox" "-marionette" "-foreground" "-no-remote" "-profile" "/tmp/rust_mozprofile.0KugvZeWX5kB"
1551385932695	addons.webextension.screenshots@mozilla.org	WARN	Loading extension 'screenshots@mozilla.org': Reading manifest: Invalid host permission: resource://pdf.js/
1551385932695	addons.webextension.screenshots@mozilla.org	WARN	Loading extension 'screenshots@mozilla.org': Reading manifest: Invalid host permission: about:reader*

(firefox:32537): Gtk-WARNING **: 21:32:13.004: Theme parsing error: <data>:1:34: Expected ')' in color definition

(firefox:32537): Gtk-WARNING **: 21:32:13.004: Theme parsing error: <data>:1:77: Expected ')' in color definition
1551385934520	Marionette	INFO	Listening on port 33429
1551385934679	Marionette	WARN	TLS certificate errors will be ignored for this session
1551385941134	Marionette	WARN	TimedPromise timed out after 0 ms: stacktrace:
bail@chrome://marionette/content/sync.js:196:64
JavaScript error: https://s.go-mpulse.net/boomerang/BH4JM-AQSZM-ZUSA2-45UEU-NZWA4, line 11: SecurityError: Permission denied to access property "chrome" on cross-origin object
1551385944767	Marionette	WARN	TimedPromise timed out after 0 ms: stacktrace:
bail@chrome://marionette/content/sync.js:196:64
1551385948438	Marionette	WARN	TimedPromise timed out after 0 ms: stacktrace:
bail@chrome://marionette/content/sync.js:196:64
1551385950951	Marionette	WARN	TimedPromise timed out after 0 ms: stacktrace:
bail@chrome://marionette/content/sync.js:196:64
1551385957043	Marionette	WARN	TimedPromise timed out after 0 ms: stacktrace:
bail@chrome://marionette/content/sync.js:196:64
JavaScript error: https://s.go-mpulse.net/boomerang/BH4JM-AQSZM-ZUSA2-45UEU-NZWA4, line 11: SecurityError: Permission denied to access property "chrome" on cross-origin object

(/usr/lib/firefox/firefox:32699): dconf-WARNING **: 21:32:38.466: Unable to open /var/lib/snapd/desktop/dconf/profile/user: Brak dostępu
1551385959756	Marionette	INFO	Stopped listening on port 33429
JavaScript error: resource:///modules/ContentMetaHandler.jsm, line 156: NS_ERROR_ILLEGAL_VALUE: 
[Parent 32537, Gecko_IOThread] WARNING: pipe error (79): Połączenie zerwane przez drugą stronę: file /build/firefox-DVGW0d/firefox-65.0.1+build2/ipc/chromium/src/chrome/common/ipc_channel_posix.cc, line 349
[Parent 32537, Gecko_IOThread] WARNING: pipe error (126): Połączenie zerwane przez drugą stronę: file /build/firefox-DVGW0d/firefox-65.0.1+build2/ipc/chromium/src/chrome/common/ipc_channel_posix.cc, line 349
