1549806048660	mozrunner::runner	INFO	Running command: "/usr/bin/firefox" "-marionette" "-foreground" "-no-remote" "-profile" "/tmp/rust_mozprofile.zqj1tEek9Ha6"
1549806049114	addons.webextension.screenshots@mozilla.org	WARN	Loading extension 'screenshots@mozilla.org': Reading manifest: Invalid host permission: resource://pdf.js/
1549806049114	addons.webextension.screenshots@mozilla.org	WARN	Loading extension 'screenshots@mozilla.org': Reading manifest: Invalid host permission: about:reader*

(firefox:9869): Gtk-WARNING **: 14:40:49.422: Theme parsing error: <data>:1:34: Expected ')' in color definition

(firefox:9869): Gtk-WARNING **: 14:40:49.422: Theme parsing error: <data>:1:77: Expected ')' in color definition
1549806050837	Marionette	INFO	Listening on port 36931
1549806050869	Marionette	WARN	TLS certificate errors will be ignored for this session
[Parent 9869, Gecko_IOThread] WARNING: pipe error (79): Połączenie zerwane przez drugą stronę: file /build/firefox-HN7tk_/firefox-65.0+build2/ipc/chromium/src/chrome/common/ipc_channel_posix.cc, line 349
[Parent 9869, Gecko_IOThread] WARNING: pipe error (71): Połączenie zerwane przez drugą stronę: file /build/firefox-HN7tk_/firefox-65.0+build2/ipc/chromium/src/chrome/common/ipc_channel_posix.cc, line 349
1549806061592	Marionette	INFO	Stopped listening on port 36931
1549806193544	mozrunner::runner	INFO	Running command: "/usr/bin/firefox" "-marionette" "-foreground" "-no-remote" "-profile" "/tmp/rust_mozprofile.7Klnqs7MstAT"
1549806193981	addons.webextension.screenshots@mozilla.org	WARN	Loading extension 'screenshots@mozilla.org': Reading manifest: Invalid host permission: resource://pdf.js/
1549806193981	addons.webextension.screenshots@mozilla.org	WARN	Loading extension 'screenshots@mozilla.org': Reading manifest: Invalid host permission: about:reader*

(firefox:10856): Gtk-WARNING **: 14:43:14.291: Theme parsing error: <data>:1:34: Expected ')' in color definition

(firefox:10856): Gtk-WARNING **: 14:43:14.292: Theme parsing error: <data>:1:77: Expected ')' in color definition
1549806195618	Marionette	INFO	Listening on port 45259
1549806195664	Marionette	WARN	TLS certificate errors will be ignored for this session
JavaScript error: https://d3tw2n86njn6hp.cloudfront.net/assets/application-70ee43c2a16aa736f6dc86c001b8189823a9a90eb70c2d87597bc2b050892661.js, line 141: TypeError: window.fedoraAnalytics.initialize is not a function

###!!! [Child][RunMessage] Error: Channel closing: too late to send/recv, messages will be lost


###!!! [Child][RunMessage] Error: Channel closing: too late to send/recv, messages will be lost

[Parent 10856, Gecko_IOThread] WARNING: pipe error (98): Połączenie zerwane przez drugą stronę: file /build/firefox-HN7tk_/firefox-65.0+build2/ipc/chromium/src/chrome/common/ipc_channel_posix.cc, line 349
1549806201774	Marionette	INFO	Stopped listening on port 45259
1549806343654	mozrunner::runner	INFO	Running command: "/usr/bin/firefox" "-marionette" "-foreground" "-no-remote" "-profile" "/tmp/rust_mozprofile.oBPio38eL06Q"
1549806344110	addons.webextension.screenshots@mozilla.org	WARN	Loading extension 'screenshots@mozilla.org': Reading manifest: Invalid host permission: resource://pdf.js/
1549806344111	addons.webextension.screenshots@mozilla.org	WARN	Loading extension 'screenshots@mozilla.org': Reading manifest: Invalid host permission: about:reader*

(firefox:11819): Gtk-WARNING **: 14:45:44.419: Theme parsing error: <data>:1:34: Expected ')' in color definition

(firefox:11819): Gtk-WARNING **: 14:45:44.419: Theme parsing error: <data>:1:77: Expected ')' in color definition
1549806345861	Marionette	INFO	Listening on port 33193
1549806345987	Marionette	WARN	TLS certificate errors will be ignored for this session
JavaScript error: https://d3tw2n86njn6hp.cloudfront.net/assets/application-70ee43c2a16aa736f6dc86c001b8189823a9a90eb70c2d87597bc2b050892661.js, line 141: TypeError: window.fedoraAnalytics.initialize is not a function
[Parent 11819, Gecko_IOThread] WARNING: pipe error (124): Połączenie zerwane przez drugą stronę: file /build/firefox-HN7tk_/firefox-65.0+build2/ipc/chromium/src/chrome/common/ipc_channel_posix.cc, line 349
1549806351560	Marionette	INFO	Stopped listening on port 33193
1549808335939	mozrunner::runner	INFO	Running command: "/usr/bin/firefox" "-marionette" "-foreground" "-no-remote" "-profile" "/tmp/rust_mozprofile.qpwadX8S7NwJ"
1549808336365	addons.webextension.screenshots@mozilla.org	WARN	Loading extension 'screenshots@mozilla.org': Reading manifest: Invalid host permission: resource://pdf.js/
1549808336365	addons.webextension.screenshots@mozilla.org	WARN	Loading extension 'screenshots@mozilla.org': Reading manifest: Invalid host permission: about:reader*

(firefox:14809): Gtk-WARNING **: 15:18:56.661: Theme parsing error: <data>:1:34: Expected ')' in color definition

(firefox:14809): Gtk-WARNING **: 15:18:56.661: Theme parsing error: <data>:1:77: Expected ')' in color definition
1549808338130	Marionette	INFO	Listening on port 44597
1549808338164	Marionette	WARN	TLS certificate errors will be ignored for this session
JavaScript error: resource:///modules/ContentMetaHandler.jsm, line 156: NS_ERROR_ILLEGAL_VALUE: 
1549808342418	mozrunner::runner	INFO	Running command: "/usr/bin/firefox" "-marionette" "-foreground" "-no-remote" "-profile" "/tmp/rust_mozprofile.KRe5MITqiqOB"
1549808342840	addons.webextension.screenshots@mozilla.org	WARN	Loading extension 'screenshots@mozilla.org': Reading manifest: Invalid host permission: resource://pdf.js/
1549808342840	addons.webextension.screenshots@mozilla.org	WARN	Loading extension 'screenshots@mozilla.org': Reading manifest: Invalid host permission: about:reader*

(firefox:15705): Gtk-WARNING **: 15:19:03.130: Theme parsing error: <data>:1:34: Expected ')' in color definition

(firefox:15705): Gtk-WARNING **: 15:19:03.131: Theme parsing error: <data>:1:77: Expected ')' in color definition
1549808344459	Marionette	INFO	Listening on port 40747
1549808344556	Marionette	WARN	TLS certificate errors will be ignored for this session
1549808344576	Marionette	INFO	Stopped listening on port 44597
1549808349012	Marionette	INFO	Stopped listening on port 40747
1549809752751	mozrunner::runner	INFO	Running command: "/usr/bin/firefox" "-marionette" "-foreground" "-no-remote" "-profile" "/tmp/rust_mozprofile.zg03gs56GJhB"
1549809753210	addons.webextension.screenshots@mozilla.org	WARN	Loading extension 'screenshots@mozilla.org': Reading manifest: Invalid host permission: resource://pdf.js/
1549809753210	addons.webextension.screenshots@mozilla.org	WARN	Loading extension 'screenshots@mozilla.org': Reading manifest: Invalid host permission: about:reader*

(firefox:16971): Gtk-WARNING **: 15:42:33.517: Theme parsing error: <data>:1:34: Expected ')' in color definition

(firefox:16971): Gtk-WARNING **: 15:42:33.517: Theme parsing error: <data>:1:77: Expected ')' in color definition
1549809754827	Marionette	INFO	Listening on port 41933
1549809754882	Marionette	WARN	TLS certificate errors will be ignored for this session
[Parent 16971, Gecko_IOThread] WARNING: pipe error (79): Połączenie zerwane przez drugą stronę: file /build/firefox-HN7tk_/firefox-65.0+build2/ipc/chromium/src/chrome/common/ipc_channel_posix.cc, line 349
[Parent 16971, Gecko_IOThread] WARNING: pipe error (82): Połączenie zerwane przez drugą stronę: file /build/firefox-HN7tk_/firefox-65.0+build2/ipc/chromium/src/chrome/common/ipc_channel_posix.cc, line 349
1549809785133	Marionette	INFO	Stopped listening on port 41933
1549809840743	mozrunner::runner	INFO	Running command: "/usr/bin/firefox" "-marionette" "-foreground" "-no-remote" "-profile" "/tmp/rust_mozprofile.uXSOqjIEq517"
1549809841178	addons.webextension.screenshots@mozilla.org	WARN	Loading extension 'screenshots@mozilla.org': Reading manifest: Invalid host permission: resource://pdf.js/
1549809841179	addons.webextension.screenshots@mozilla.org	WARN	Loading extension 'screenshots@mozilla.org': Reading manifest: Invalid host permission: about:reader*

(firefox:17929): Gtk-WARNING **: 15:44:01.524: Theme parsing error: <data>:1:34: Expected ')' in color definition

(firefox:17929): Gtk-WARNING **: 15:44:01.524: Theme parsing error: <data>:1:77: Expected ')' in color definition
1549809842858	Marionette	INFO	Listening on port 40337
1549809842962	Marionette	WARN	TLS certificate errors will be ignored for this session
1549809850334	Marionette	INFO	Stopped listening on port 40337
[Parent 17929, Gecko_IOThread] WARNING: pipe error (79): Połączenie zerwane przez drugą stronę: file /build/firefox-HN7tk_/firefox-65.0+build2/ipc/chromium/src/chrome/common/ipc_channel_posix.cc, line 349
1549811134619	mozrunner::runner	INFO	Running command: "/usr/bin/firefox" "-marionette" "-foreground" "-no-remote" "-profile" "/tmp/rust_mozprofile.oZxV8Frd9C9Y"
1549811135064	addons.webextension.screenshots@mozilla.org	WARN	Loading extension 'screenshots@mozilla.org': Reading manifest: Invalid host permission: resource://pdf.js/
1549811135064	addons.webextension.screenshots@mozilla.org	WARN	Loading extension 'screenshots@mozilla.org': Reading manifest: Invalid host permission: about:reader*

(firefox:18951): Gtk-WARNING **: 16:05:35.357: Theme parsing error: <data>:1:34: Expected ')' in color definition

(firefox:18951): Gtk-WARNING **: 16:05:35.357: Theme parsing error: <data>:1:77: Expected ')' in color definition
1549811136767	Marionette	INFO	Listening on port 43075
1549811136843	Marionette	WARN	TLS certificate errors will be ignored for this session
1549811142139	Marionette	INFO	Stopped listening on port 43075
JavaScript error: resource://gre/modules/WebProgressChild.jsm, line 58: TypeError: this.mm.content is null
[Parent 18951, Gecko_IOThread] WARNING: pipe error (79): Połączenie zerwane przez drugą stronę: file /build/firefox-HN7tk_/firefox-65.0+build2/ipc/chromium/src/chrome/common/ipc_channel_posix.cc, line 349
1549811155784	mozrunner::runner	INFO	Running command: "/usr/bin/firefox" "-marionette" "-foreground" "-no-remote" "-profile" "/tmp/rust_mozprofile.61GS7AVMFiKR"
1549811156214	addons.webextension.screenshots@mozilla.org	WARN	Loading extension 'screenshots@mozilla.org': Reading manifest: Invalid host permission: resource://pdf.js/
1549811156214	addons.webextension.screenshots@mozilla.org	WARN	Loading extension 'screenshots@mozilla.org': Reading manifest: Invalid host permission: about:reader*

(firefox:19865): Gtk-WARNING **: 16:05:56.582: Theme parsing error: <data>:1:34: Expected ')' in color definition

(firefox:19865): Gtk-WARNING **: 16:05:56.582: Theme parsing error: <data>:1:77: Expected ')' in color definition
1549811157965	Marionette	INFO	Listening on port 38959
1549811157995	Marionette	WARN	TLS certificate errors will be ignored for this session
console.error: BroadcastService: 
  receivedBroadcastMessage: handler for
  remote-settings/monitor_changes
  threw error:
  Message: Error: Polling for changes failed: NetworkError when attempting to fetch resource..
  Stack:
    remoteSettingsFunction/remoteSettings.pollChanges@resource://services-settings/remote-settings.js:188:13

[Parent 19865, Gecko_IOThread] WARNING: pipe error (96): Połączenie zerwane przez drugą stronę: file /build/firefox-HN7tk_/firefox-65.0+build2/ipc/chromium/src/chrome/common/ipc_channel_posix.cc, line 349
[Parent 19865, Gecko_IOThread] WARNING: pipe error (79): Połączenie zerwane przez drugą stronę: file /build/firefox-HN7tk_/firefox-65.0+build2/ipc/chromium/src/chrome/common/ipc_channel_posix.cc, line 349
1549811215158	Marionette	INFO	Stopped listening on port 38959
1549811813266	mozrunner::runner	INFO	Running command: "/usr/bin/firefox" "-marionette" "-foreground" "-no-remote" "-profile" "/tmp/rust_mozprofile.JxWfnn9N6QaJ"
1549811813686	addons.webextension.screenshots@mozilla.org	WARN	Loading extension 'screenshots@mozilla.org': Reading manifest: Invalid host permission: resource://pdf.js/
1549811813687	addons.webextension.screenshots@mozilla.org	WARN	Loading extension 'screenshots@mozilla.org': Reading manifest: Invalid host permission: about:reader*

(firefox:20856): Gtk-WARNING **: 16:16:53.981: Theme parsing error: <data>:1:34: Expected ')' in color definition

(firefox:20856): Gtk-WARNING **: 16:16:53.982: Theme parsing error: <data>:1:77: Expected ')' in color definition
1549811815392	Marionette	INFO	Listening on port 35503
1549811815493	Marionette	WARN	TLS certificate errors will be ignored for this session
1549811844100	mozrunner::runner	INFO	Running command: "/usr/bin/firefox" "-marionette" "-foreground" "-no-remote" "-profile" "/tmp/rust_mozprofile.cFeREhCy86dZ"
1549811844536	addons.webextension.screenshots@mozilla.org	WARN	Loading extension 'screenshots@mozilla.org': Reading manifest: Invalid host permission: resource://pdf.js/
1549811844536	addons.webextension.screenshots@mozilla.org	WARN	Loading extension 'screenshots@mozilla.org': Reading manifest: Invalid host permission: about:reader*

(firefox:21786): Gtk-WARNING **: 16:17:24.846: Theme parsing error: <data>:1:34: Expected ')' in color definition

(firefox:21786): Gtk-WARNING **: 16:17:24.846: Theme parsing error: <data>:1:77: Expected ')' in color definition
1549811846173	Marionette	INFO	Listening on port 37019
1549811846224	Marionette	WARN	TLS certificate errors will be ignored for this session
1549811853707	Marionette	INFO	Stopped listening on port 37019
JavaScript error: resource://gre/modules/WebProgressChild.jsm, line 58: TypeError: this.mm.content is null
[Parent 21786, Gecko_IOThread] WARNING: pipe error (79): Połączenie zerwane przez drugą stronę: file /build/firefox-HN7tk_/firefox-65.0+build2/ipc/chromium/src/chrome/common/ipc_channel_posix.cc, line 349
1549811883781	mozrunner::runner	INFO	Running command: "/usr/bin/firefox" "-marionette" "-foreground" "-no-remote" "-profile" "/tmp/rust_mozprofile.Gchkf6OvuOzG"
1549811884223	addons.webextension.screenshots@mozilla.org	WARN	Loading extension 'screenshots@mozilla.org': Reading manifest: Invalid host permission: resource://pdf.js/
1549811884224	addons.webextension.screenshots@mozilla.org	WARN	Loading extension 'screenshots@mozilla.org': Reading manifest: Invalid host permission: about:reader*

(firefox:22714): Gtk-WARNING **: 16:18:04.535: Theme parsing error: <data>:1:34: Expected ')' in color definition

(firefox:22714): Gtk-WARNING **: 16:18:04.535: Theme parsing error: <data>:1:77: Expected ')' in color definition
1549811885846	Marionette	INFO	Listening on port 44671
1549811885907	Marionette	WARN	TLS certificate errors will be ignored for this session
[Parent 22714, Gecko_IOThread] WARNING: pipe error (79): Połączenie zerwane przez drugą stronę: file /build/firefox-HN7tk_/firefox-65.0+build2/ipc/chromium/src/chrome/common/ipc_channel_posix.cc, line 349
[Parent 22714, Gecko_IOThread] WARNING: pipe error (96): Połączenie zerwane przez drugą stronę: file /build/firefox-HN7tk_/firefox-65.0+build2/ipc/chromium/src/chrome/common/ipc_channel_posix.cc, line 349
1549811934370	Marionette	INFO	Stopped listening on port 44671
[Parent 20856, Gecko_IOThread] WARNING: pipe error (71): Połączenie zerwane przez drugą stronę: file /build/firefox-HN7tk_/firefox-65.0+build2/ipc/chromium/src/chrome/common/ipc_channel_posix.cc, line 349
[Parent 20856, Gecko_IOThread] WARNING: pipe error (79): Połączenie zerwane przez drugą stronę: file /build/firefox-HN7tk_/firefox-65.0+build2/ipc/chromium/src/chrome/common/ipc_channel_posix.cc, line 349
1549811936105	Marionette	INFO	Stopped listening on port 35503
1549811980109	mozrunner::runner	INFO	Running command: "/usr/bin/firefox" "-marionette" "-foreground" "-no-remote" "-profile" "/tmp/rust_mozprofile.fekrPjnTEiwA"
1549811980607	addons.webextension.screenshots@mozilla.org	WARN	Loading extension 'screenshots@mozilla.org': Reading manifest: Invalid host permission: resource://pdf.js/
1549811980607	addons.webextension.screenshots@mozilla.org	WARN	Loading extension 'screenshots@mozilla.org': Reading manifest: Invalid host permission: about:reader*

(firefox:23650): Gtk-WARNING **: 16:19:40.932: Theme parsing error: <data>:1:34: Expected ')' in color definition

(firefox:23650): Gtk-WARNING **: 16:19:40.932: Theme parsing error: <data>:1:77: Expected ')' in color definition
1549811982459	Marionette	INFO	Listening on port 45415
1549811982586	Marionette	WARN	TLS certificate errors will be ignored for this session
1549812020503	mozrunner::runner	INFO	Running command: "/usr/bin/firefox" "-marionette" "-foreground" "-no-remote" "-profile" "/tmp/rust_mozprofile.1NDk4Vu0MkhR"
1549812020985	addons.webextension.screenshots@mozilla.org	WARN	Loading extension 'screenshots@mozilla.org': Reading manifest: Invalid host permission: resource://pdf.js/
1549812020985	addons.webextension.screenshots@mozilla.org	WARN	Loading extension 'screenshots@mozilla.org': Reading manifest: Invalid host permission: about:reader*

(firefox:24567): Gtk-WARNING **: 16:20:21.284: Theme parsing error: <data>:1:34: Expected ')' in color definition

(firefox:24567): Gtk-WARNING **: 16:20:21.284: Theme parsing error: <data>:1:77: Expected ')' in color definition
1549812022720	Marionette	INFO	Listening on port 37313
1549812022957	Marionette	WARN	TLS certificate errors will be ignored for this session
1549812031680	Marionette	INFO	Stopped listening on port 37313
[Parent 24567, Gecko_IOThread] WARNING: pipe error (79): Połączenie zerwane przez drugą stronę: file /build/firefox-HN7tk_/firefox-65.0+build2/ipc/chromium/src/chrome/common/ipc_channel_posix.cc, line 349
console.error: BroadcastService: 
  receivedBroadcastMessage: handler for
  remote-settings/monitor_changes
  threw error:
  Message: Error: Polling for changes failed: NetworkError when attempting to fetch resource..
  Stack:
    remoteSettingsFunction/remoteSettings.pollChanges@resource://services-settings/remote-settings.js:188:13

1549812134831	mozrunner::runner	INFO	Running command: "/usr/bin/firefox" "-marionette" "-foreground" "-no-remote" "-profile" "/tmp/rust_mozprofile.UUGCzk9dlboy"
1549812135266	addons.webextension.screenshots@mozilla.org	WARN	Loading extension 'screenshots@mozilla.org': Reading manifest: Invalid host permission: resource://pdf.js/
1549812135266	addons.webextension.screenshots@mozilla.org	WARN	Loading extension 'screenshots@mozilla.org': Reading manifest: Invalid host permission: about:reader*

(firefox:25523): Gtk-WARNING **: 16:22:15.585: Theme parsing error: <data>:1:34: Expected ')' in color definition

(firefox:25523): Gtk-WARNING **: 16:22:15.585: Theme parsing error: <data>:1:77: Expected ')' in color definition
1549812136985	Marionette	INFO	Listening on port 39139
1549812137038	Marionette	WARN	TLS certificate errors will be ignored for this session
1549812143930	Marionette	INFO	Stopped listening on port 39139
JavaScript error: resource://gre/modules/WebProgressChild.jsm, line 58: TypeError: this.mm.content is null
1549812192990	mozrunner::runner	INFO	Running command: "/usr/bin/firefox" "-marionette" "-foreground" "-no-remote" "-profile" "/tmp/rust_mozprofile.C9xNPSUQkfLg"
1549812193423	addons.webextension.screenshots@mozilla.org	WARN	Loading extension 'screenshots@mozilla.org': Reading manifest: Invalid host permission: resource://pdf.js/
1549812193424	addons.webextension.screenshots@mozilla.org	WARN	Loading extension 'screenshots@mozilla.org': Reading manifest: Invalid host permission: about:reader*

(firefox:26446): Gtk-WARNING **: 16:23:13.737: Theme parsing error: <data>:1:34: Expected ')' in color definition

(firefox:26446): Gtk-WARNING **: 16:23:13.737: Theme parsing error: <data>:1:77: Expected ')' in color definition
1549812195153	Marionette	INFO	Listening on port 42885
1549812195198	Marionette	WARN	TLS certificate errors will be ignored for this session
1549812201220	Marionette	INFO	Stopped listening on port 42885
[Parent 26446, Gecko_IOThread] WARNING: pipe error (79): Połączenie zerwane przez drugą stronę: file /build/firefox-HN7tk_/firefox-65.0+build2/ipc/chromium/src/chrome/common/ipc_channel_posix.cc, line 349
1549812211757	Marionette	INFO	Stopped listening on port 45415
1549813926668	mozrunner::runner	INFO	Running command: "/usr/bin/firefox" "-marionette" "-foreground" "-no-remote" "-profile" "/tmp/rust_mozprofile.jGLMbiS2NFXJ"
1549813927116	addons.webextension.screenshots@mozilla.org	WARN	Loading extension 'screenshots@mozilla.org': Reading manifest: Invalid host permission: resource://pdf.js/
1549813927117	addons.webextension.screenshots@mozilla.org	WARN	Loading extension 'screenshots@mozilla.org': Reading manifest: Invalid host permission: about:reader*

(firefox:27498): Gtk-WARNING **: 16:52:07.417: Theme parsing error: <data>:1:34: Expected ')' in color definition

(firefox:27498): Gtk-WARNING **: 16:52:07.417: Theme parsing error: <data>:1:77: Expected ')' in color definition
1549813928794	Marionette	INFO	Listening on port 38081
1549813928984	Marionette	WARN	TLS certificate errors will be ignored for this session
1549813934796	Marionette	INFO	Stopped listening on port 38081
[Parent 27498, Gecko_IOThread] WARNING: pipe error (79): Połączenie zerwane przez drugą stronę: file /build/firefox-HN7tk_/firefox-65.0+build2/ipc/chromium/src/chrome/common/ipc_channel_posix.cc, line 349
1549813951833	mozrunner::runner	INFO	Running command: "/usr/bin/firefox" "-marionette" "-foreground" "-no-remote" "-profile" "/tmp/rust_mozprofile.j4Hf5VAZjSyp"
1549813952282	addons.webextension.screenshots@mozilla.org	WARN	Loading extension 'screenshots@mozilla.org': Reading manifest: Invalid host permission: resource://pdf.js/
1549813952282	addons.webextension.screenshots@mozilla.org	WARN	Loading extension 'screenshots@mozilla.org': Reading manifest: Invalid host permission: about:reader*

(firefox:28428): Gtk-WARNING **: 16:52:32.598: Theme parsing error: <data>:1:34: Expected ')' in color definition

(firefox:28428): Gtk-WARNING **: 16:52:32.598: Theme parsing error: <data>:1:77: Expected ')' in color definition
1549813953926	Marionette	INFO	Listening on port 32805
1549813953959	Marionette	WARN	TLS certificate errors will be ignored for this session
1549813957711	Marionette	INFO	Stopped listening on port 32805
JavaScript error: resource://gre/modules/WebProgressChild.jsm, line 58: TypeError: this.mm.content is null
[Parent 28428, Gecko_IOThread] WARNING: pipe error (79): Połączenie zerwane przez drugą stronę: file /build/firefox-HN7tk_/firefox-65.0+build2/ipc/chromium/src/chrome/common/ipc_channel_posix.cc, line 349
1549813985689	mozrunner::runner	INFO	Running command: "/usr/bin/firefox" "-marionette" "-foreground" "-no-remote" "-profile" "/tmp/rust_mozprofile.Ora2l8zfmqTC"
1549813986126	addons.webextension.screenshots@mozilla.org	WARN	Loading extension 'screenshots@mozilla.org': Reading manifest: Invalid host permission: resource://pdf.js/
1549813986126	addons.webextension.screenshots@mozilla.org	WARN	Loading extension 'screenshots@mozilla.org': Reading manifest: Invalid host permission: about:reader*

(firefox:29342): Gtk-WARNING **: 16:53:06.423: Theme parsing error: <data>:1:34: Expected ')' in color definition

(firefox:29342): Gtk-WARNING **: 16:53:06.423: Theme parsing error: <data>:1:77: Expected ')' in color definition
1549813987730	Marionette	INFO	Listening on port 44315
1549813987815	Marionette	WARN	TLS certificate errors will be ignored for this session
1549813992044	Marionette	INFO	Stopped listening on port 44315
[Parent 29342, Gecko_IOThread] WARNING: pipe error (79): Połączenie zerwane przez drugą stronę: file /build/firefox-HN7tk_/firefox-65.0+build2/ipc/chromium/src/chrome/common/ipc_channel_posix.cc, line 349
[Parent 29342, Gecko_IOThread] WARNING: pipe error (69): Połączenie zerwane przez drugą stronę: file /build/firefox-HN7tk_/firefox-65.0+build2/ipc/chromium/src/chrome/common/ipc_channel_posix.cc, line 349
1549814699573	mozrunner::runner	INFO	Running command: "/usr/bin/firefox" "-marionette" "-foreground" "-no-remote" "-profile" "/tmp/rust_mozprofile.FsVBKLsJ9QSb"
1549814700047	addons.webextension.screenshots@mozilla.org	WARN	Loading extension 'screenshots@mozilla.org': Reading manifest: Invalid host permission: resource://pdf.js/
1549814700047	addons.webextension.screenshots@mozilla.org	WARN	Loading extension 'screenshots@mozilla.org': Reading manifest: Invalid host permission: about:reader*

(firefox:30335): Gtk-WARNING **: 17:05:00.365: Theme parsing error: <data>:1:34: Expected ')' in color definition

(firefox:30335): Gtk-WARNING **: 17:05:00.365: Theme parsing error: <data>:1:77: Expected ')' in color definition
1549814701731	Marionette	INFO	Listening on port 41431
1549814701808	Marionette	WARN	TLS certificate errors will be ignored for this session
[Parent 30335, Gecko_IOThread] WARNING: pipe error (79): Połączenie zerwane przez drugą stronę: file /build/firefox-HN7tk_/firefox-65.0+build2/ipc/chromium/src/chrome/common/ipc_channel_posix.cc, line 349
[Parent 30335, Gecko_IOThread] WARNING: pipe error (93): Połączenie zerwane przez drugą stronę: file /build/firefox-HN7tk_/firefox-65.0+build2/ipc/chromium/src/chrome/common/ipc_channel_posix.cc, line 349
1549814746908	Marionette	INFO	Stopped listening on port 41431
1549814749137	mozrunner::runner	INFO	Running command: "/usr/bin/firefox" "-marionette" "-foreground" "-no-remote" "-profile" "/tmp/rust_mozprofile.A6M2U8tbzrfw"
1549814749579	addons.webextension.screenshots@mozilla.org	WARN	Loading extension 'screenshots@mozilla.org': Reading manifest: Invalid host permission: resource://pdf.js/
1549814749580	addons.webextension.screenshots@mozilla.org	WARN	Loading extension 'screenshots@mozilla.org': Reading manifest: Invalid host permission: about:reader*

(firefox:31247): Gtk-WARNING **: 17:05:49.869: Theme parsing error: <data>:1:34: Expected ')' in color definition

(firefox:31247): Gtk-WARNING **: 17:05:49.869: Theme parsing error: <data>:1:77: Expected ')' in color definition
1549814751165	Marionette	INFO	Listening on port 44149
1549814751249	Marionette	WARN	TLS certificate errors will be ignored for this session
1549814885127	mozrunner::runner	INFO	Running command: "/usr/bin/firefox" "-marionette" "-foreground" "-no-remote" "-profile" "/tmp/rust_mozprofile.TgrzVez1fkO1"
1549814885570	addons.webextension.screenshots@mozilla.org	WARN	Loading extension 'screenshots@mozilla.org': Reading manifest: Invalid host permission: resource://pdf.js/
1549814885571	addons.webextension.screenshots@mozilla.org	WARN	Loading extension 'screenshots@mozilla.org': Reading manifest: Invalid host permission: about:reader*

(firefox:32165): Gtk-WARNING **: 17:08:05.920: Theme parsing error: <data>:1:34: Expected ')' in color definition

(firefox:32165): Gtk-WARNING **: 17:08:05.920: Theme parsing error: <data>:1:77: Expected ')' in color definition
1549814887244	Marionette	INFO	Listening on port 38717
1549814887340	Marionette	WARN	TLS certificate errors will be ignored for this session
[Parent 32165, Gecko_IOThread] WARNING: pipe error (79): Połączenie zerwane przez drugą stronę: file /build/firefox-HN7tk_/firefox-65.0+build2/ipc/chromium/src/chrome/common/ipc_channel_posix.cc, line 349
[Parent 32165, Gecko_IOThread] WARNING: pipe error (85): Połączenie zerwane przez drugą stronę: file /build/firefox-HN7tk_/firefox-65.0+build2/ipc/chromium/src/chrome/common/ipc_channel_posix.cc, line 349
1549814909244	Marionette	INFO	Stopped listening on port 38717
[Parent 31247, Gecko_IOThread] WARNING: pipe error (79): Połączenie zerwane przez drugą stronę: file /build/firefox-HN7tk_/firefox-65.0+build2/ipc/chromium/src/chrome/common/ipc_channel_posix.cc, line 349
[Parent 31247, Gecko_IOThread] WARNING: pipe error (69): Połączenie zerwane przez drugą stronę: file /build/firefox-HN7tk_/firefox-65.0+build2/ipc/chromium/src/chrome/common/ipc_channel_posix.cc, line 349
1549814910887	Marionette	INFO	Stopped listening on port 44149
1549815007461	mozrunner::runner	INFO	Running command: "/usr/bin/firefox" "-marionette" "-foreground" "-no-remote" "-profile" "/tmp/rust_mozprofile.c5PzpfvexOil"
1549815007888	addons.webextension.screenshots@mozilla.org	WARN	Loading extension 'screenshots@mozilla.org': Reading manifest: Invalid host permission: resource://pdf.js/
1549815007888	addons.webextension.screenshots@mozilla.org	WARN	Loading extension 'screenshots@mozilla.org': Reading manifest: Invalid host permission: about:reader*

(firefox:738): Gtk-WARNING **: 17:10:08.199: Theme parsing error: <data>:1:34: Expected ')' in color definition

(firefox:738): Gtk-WARNING **: 17:10:08.199: Theme parsing error: <data>:1:77: Expected ')' in color definition
1549815009614	Marionette	INFO	Listening on port 38299
1549815009668	Marionette	WARN	TLS certificate errors will be ignored for this session
[Parent 738, Gecko_IOThread] WARNING: pipe error (79): Połączenie zerwane przez drugą stronę: file /build/firefox-HN7tk_/firefox-65.0+build2/ipc/chromium/src/chrome/common/ipc_channel_posix.cc, line 349
[Parent 738, Gecko_IOThread] WARNING: pipe error (87): Połączenie zerwane przez drugą stronę: file /build/firefox-HN7tk_/firefox-65.0+build2/ipc/chromium/src/chrome/common/ipc_channel_posix.cc, line 349
1549815023372	Marionette	INFO	Stopped listening on port 38299
1549904231994	mozrunner::runner	INFO	Running command: "/usr/bin/firefox" "-marionette" "-foreground" "-no-remote" "-profile" "/tmp/rust_mozprofile.mucpXUWg3RI0"
1549904232497	addons.webextension.screenshots@mozilla.org	WARN	Loading extension 'screenshots@mozilla.org': Reading manifest: Invalid host permission: resource://pdf.js/
1549904232497	addons.webextension.screenshots@mozilla.org	WARN	Loading extension 'screenshots@mozilla.org': Reading manifest: Invalid host permission: about:reader*

(firefox:4232): Gtk-WARNING **: 17:57:12.799: Theme parsing error: <data>:1:34: Expected ')' in color definition

(firefox:4232): Gtk-WARNING **: 17:57:12.799: Theme parsing error: <data>:1:77: Expected ')' in color definition
1549904234146	Marionette	INFO	Listening on port 42573
1549904234220	Marionette	WARN	TLS certificate errors will be ignored for this session
[Parent 4232, Gecko_IOThread] WARNING: pipe error (125): Połączenie zerwane przez drugą stronę: file /build/firefox-HN7tk_/firefox-65.0+build2/ipc/chromium/src/chrome/common/ipc_channel_posix.cc, line 349
1549904242247	Marionette	INFO	Stopped listening on port 42573
1549904435957	mozrunner::runner	INFO	Running command: "/usr/bin/firefox" "-marionette" "-foreground" "-no-remote" "-profile" "/tmp/rust_mozprofile.5mjSSVKc2GRX"
1549904436437	addons.webextension.screenshots@mozilla.org	WARN	Loading extension 'screenshots@mozilla.org': Reading manifest: Invalid host permission: resource://pdf.js/
1549904436437	addons.webextension.screenshots@mozilla.org	WARN	Loading extension 'screenshots@mozilla.org': Reading manifest: Invalid host permission: about:reader*

(firefox:5219): Gtk-WARNING **: 18:00:36.758: Theme parsing error: <data>:1:34: Expected ')' in color definition

(firefox:5219): Gtk-WARNING **: 18:00:36.758: Theme parsing error: <data>:1:77: Expected ')' in color definition
1549904438161	Marionette	INFO	Listening on port 35859
1549904438168	Marionette	WARN	TLS certificate errors will be ignored for this session
1549904453199	Marionette	INFO	Stopped listening on port 35859
JavaScript error: resource://gre/modules/WebProgressChild.jsm, line 58: TypeError: this.mm.content is null
1549904606962	mozrunner::runner	INFO	Running command: "/usr/bin/firefox" "-marionette" "-foreground" "-no-remote" "-profile" "/tmp/rust_mozprofile.mHBOAeEWELXL"
1549904607617	addons.webextension.screenshots@mozilla.org	WARN	Loading extension 'screenshots@mozilla.org': Reading manifest: Invalid host permission: resource://pdf.js/
1549904607618	addons.webextension.screenshots@mozilla.org	WARN	Loading extension 'screenshots@mozilla.org': Reading manifest: Invalid host permission: about:reader*

(firefox:6171): Gtk-WARNING **: 18:03:27.969: Theme parsing error: <data>:1:34: Expected ')' in color definition

(firefox:6171): Gtk-WARNING **: 18:03:27.969: Theme parsing error: <data>:1:77: Expected ')' in color definition
1549904609292	Marionette	INFO	Listening on port 36323
1549904609430	Marionette	WARN	TLS certificate errors will be ignored for this session
1549904623783	Marionette	INFO	Stopped listening on port 36323
[Parent 6171, Gecko_IOThread] WARNING: pipe error (79): Połączenie zerwane przez drugą stronę: file /build/firefox-HN7tk_/firefox-65.0+build2/ipc/chromium/src/chrome/common/ipc_channel_posix.cc, line 349
JavaScript error: resource://gre/modules/WebProgressChild.jsm, line 58: TypeError: this.mm.content is null
[Child 6339, Chrome_ChildThread] WARNING: pipe error (3): Połączenie zerwane przez drugą stronę: file /build/firefox-HN7tk_/firefox-65.0+build2/ipc/chromium/src/chrome/common/ipc_channel_posix.cc, line 349
1549904673237	mozrunner::runner	INFO	Running command: "/usr/bin/firefox" "-marionette" "-foreground" "-no-remote" "-profile" "/tmp/rust_mozprofile.brJw4g3b8Hlh"
1549904673655	addons.webextension.screenshots@mozilla.org	WARN	Loading extension 'screenshots@mozilla.org': Reading manifest: Invalid host permission: resource://pdf.js/
1549904673656	addons.webextension.screenshots@mozilla.org	WARN	Loading extension 'screenshots@mozilla.org': Reading manifest: Invalid host permission: about:reader*

(firefox:7122): Gtk-WARNING **: 18:04:33.965: Theme parsing error: <data>:1:34: Expected ')' in color definition

(firefox:7122): Gtk-WARNING **: 18:04:33.965: Theme parsing error: <data>:1:77: Expected ')' in color definition
1549904675298	Marionette	INFO	Listening on port 44129
1549904675362	Marionette	WARN	TLS certificate errors will be ignored for this session
1549904687072	Marionette	INFO	Stopped listening on port 44129

###!!! [Child][RunMessage] Error: Channel closing: too late to send/recv, messages will be lost

[Child 7291, Chrome_ChildThread] WARNING: pipe error (3): Połączenie zerwane przez drugą stronę: file /build/firefox-HN7tk_/firefox-65.0+build2/ipc/chromium/src/chrome/common/ipc_channel_posix.cc, line 349

###!!! [Child][RunMessage] Error: Channel closing: too late to send/recv, messages will be lost

[Parent 7122, Gecko_IOThread] WARNING: pipe error (79): Połączenie zerwane przez drugą stronę: file /build/firefox-HN7tk_/firefox-65.0+build2/ipc/chromium/src/chrome/common/ipc_channel_posix.cc, line 349
1549904732583	mozrunner::runner	INFO	Running command: "/usr/bin/firefox" "-marionette" "-foreground" "-no-remote" "-profile" "/tmp/rust_mozprofile.Pra5fZCZL47S"
1549904733014	addons.webextension.screenshots@mozilla.org	WARN	Loading extension 'screenshots@mozilla.org': Reading manifest: Invalid host permission: resource://pdf.js/
1549904733014	addons.webextension.screenshots@mozilla.org	WARN	Loading extension 'screenshots@mozilla.org': Reading manifest: Invalid host permission: about:reader*

(firefox:8059): Gtk-WARNING **: 18:05:33.329: Theme parsing error: <data>:1:34: Expected ')' in color definition

(firefox:8059): Gtk-WARNING **: 18:05:33.329: Theme parsing error: <data>:1:77: Expected ')' in color definition
1549904734662	Marionette	INFO	Listening on port 33745
1549904734702	Marionette	WARN	TLS certificate errors will be ignored for this session
1549904747274	Marionette	INFO	Stopped listening on port 33745

###!!! [Child][RunMessage] Error: Channel closing: too late to send/recv, messages will be lost


###!!! [Child][RunMessage] Error: Channel closing: too late to send/recv, messages will be lost

1549905516830	mozrunner::runner	INFO	Running command: "/usr/bin/firefox" "-marionette" "-foreground" "-no-remote" "-profile" "/tmp/rust_mozprofile.TN0gFJZ95frg"
1549905517297	addons.webextension.screenshots@mozilla.org	WARN	Loading extension 'screenshots@mozilla.org': Reading manifest: Invalid host permission: resource://pdf.js/
1549905517298	addons.webextension.screenshots@mozilla.org	WARN	Loading extension 'screenshots@mozilla.org': Reading manifest: Invalid host permission: about:reader*

(firefox:9209): Gtk-WARNING **: 18:18:37.611: Theme parsing error: <data>:1:34: Expected ')' in color definition

(firefox:9209): Gtk-WARNING **: 18:18:37.611: Theme parsing error: <data>:1:77: Expected ')' in color definition
1549905518999	Marionette	INFO	Listening on port 45215
1549905519063	Marionette	WARN	TLS certificate errors will be ignored for this session
1549905530489	Marionette	INFO	Stopped listening on port 45215
[Parent 9209, Gecko_IOThread] WARNING: pipe error (79): Połączenie zerwane przez drugą stronę: file /build/firefox-HN7tk_/firefox-65.0+build2/ipc/chromium/src/chrome/common/ipc_channel_posix.cc, line 349
[Child 9371, Chrome_ChildThread] WARNING: pipe error: Przerwany potok: file /build/firefox-HN7tk_/firefox-65.0+build2/ipc/chromium/src/chrome/common/ipc_channel_posix.cc, line 718
[Child 9371, Chrome_ChildThread] WARNING: pipe error: Przerwany potok: file /build/firefox-HN7tk_/firefox-65.0+build2/ipc/chromium/src/chrome/common/ipc_channel_posix.cc, line 718
[Child 9371, Chrome_ChildThread] WARNING: pipe error (3): Połączenie zerwane przez drugą stronę: file /build/firefox-HN7tk_/firefox-65.0+build2/ipc/chromium/src/chrome/common/ipc_channel_posix.cc, line 349
1549905582786	mozrunner::runner	INFO	Running command: "/usr/bin/firefox" "-marionette" "-foreground" "-no-remote" "-profile" "/tmp/rust_mozprofile.tFqWpUm9hE6S"
1549905583247	addons.webextension.screenshots@mozilla.org	WARN	Loading extension 'screenshots@mozilla.org': Reading manifest: Invalid host permission: resource://pdf.js/
1549905583247	addons.webextension.screenshots@mozilla.org	WARN	Loading extension 'screenshots@mozilla.org': Reading manifest: Invalid host permission: about:reader*

(firefox:10132): Gtk-WARNING **: 18:19:43.568: Theme parsing error: <data>:1:34: Expected ')' in color definition

(firefox:10132): Gtk-WARNING **: 18:19:43.568: Theme parsing error: <data>:1:77: Expected ')' in color definition
1549905585017	Marionette	INFO	Listening on port 41315
1549905585118	Marionette	WARN	TLS certificate errors will be ignored for this session
1549905599736	Marionette	INFO	Stopped listening on port 41315
[Parent 10132, Gecko_IOThread] WARNING: pipe error (79): Połączenie zerwane przez drugą stronę: file /build/firefox-HN7tk_/firefox-65.0+build2/ipc/chromium/src/chrome/common/ipc_channel_posix.cc, line 349
JavaScript error: resource://gre/modules/WebProgressChild.jsm, line 58: TypeError: this.mm.content is null
1549905876429	mozrunner::runner	INFO	Running command: "/usr/bin/firefox" "-marionette" "-foreground" "-no-remote" "-profile" "/tmp/rust_mozprofile.wX8Kl8vl7GVb"
1549905876794	addons.webextension.screenshots@mozilla.org	WARN	Loading extension 'screenshots@mozilla.org': Reading manifest: Invalid host permission: resource://pdf.js/
1549905876794	addons.webextension.screenshots@mozilla.org	WARN	Loading extension 'screenshots@mozilla.org': Reading manifest: Invalid host permission: about:reader*

(firefox:11162): Gtk-WARNING **: 18:24:37.089: Theme parsing error: <data>:1:34: Expected ')' in color definition

(firefox:11162): Gtk-WARNING **: 18:24:37.089: Theme parsing error: <data>:1:77: Expected ')' in color definition
1549905878356	Marionette	INFO	Listening on port 42489
1549905878448	Marionette	WARN	TLS certificate errors will be ignored for this session
console.error: BroadcastService: 
  receivedBroadcastMessage: handler for
  remote-settings/monitor_changes
  threw error:
  Message: Error: Polling for changes failed: NetworkError when attempting to fetch resource..
  Stack:
    remoteSettingsFunction/remoteSettings.pollChanges@resource://services-settings/remote-settings.js:188:13

[Parent 11162, Gecko_IOThread] WARNING: pipe error (79): Połączenie zerwane przez drugą stronę: file /build/firefox-HN7tk_/firefox-65.0+build2/ipc/chromium/src/chrome/common/ipc_channel_posix.cc, line 349
[Parent 11162, Gecko_IOThread] WARNING: pipe error (62): Połączenie zerwane przez drugą stronę: file /build/firefox-HN7tk_/firefox-65.0+build2/ipc/chromium/src/chrome/common/ipc_channel_posix.cc, line 349
[Parent 11162, Gecko_IOThread] WARNING: pipe error (125): Połączenie zerwane przez drugą stronę: file /build/firefox-HN7tk_/firefox-65.0+build2/ipc/chromium/src/chrome/common/ipc_channel_posix.cc, line 349
1549906098252	Marionette	INFO	Stopped listening on port 42489
1549906905598	mozrunner::runner	INFO	Running command: "/usr/bin/firefox" "-marionette" "-foreground" "-no-remote" "-profile" "/tmp/rust_mozprofile.ZC4N8wwTca3w"
1549906905969	addons.webextension.screenshots@mozilla.org	WARN	Loading extension 'screenshots@mozilla.org': Reading manifest: Invalid host permission: resource://pdf.js/
1549906905969	addons.webextension.screenshots@mozilla.org	WARN	Loading extension 'screenshots@mozilla.org': Reading manifest: Invalid host permission: about:reader*

(firefox:13353): Gtk-WARNING **: 18:41:46.251: Theme parsing error: <data>:1:34: Expected ')' in color definition

(firefox:13353): Gtk-WARNING **: 18:41:46.251: Theme parsing error: <data>:1:77: Expected ')' in color definition
1549906907561	Marionette	INFO	Listening on port 45649
1549906907622	Marionette	WARN	TLS certificate errors will be ignored for this session
1549906922248	Marionette	INFO	Stopped listening on port 45649
[Parent 13353, Gecko_IOThread] WARNING: pipe error (79): Połączenie zerwane przez drugą stronę: file /build/firefox-HN7tk_/firefox-65.0+build2/ipc/chromium/src/chrome/common/ipc_channel_posix.cc, line 349
JavaScript error: resource://gre/modules/WebProgressChild.jsm, line 58: TypeError: this.mm.content is null
[Child 13522, Chrome_ChildThread] WARNING: pipe error (3): Połączenie zerwane przez drugą stronę: file /build/firefox-HN7tk_/firefox-65.0+build2/ipc/chromium/src/chrome/common/ipc_channel_posix.cc, line 349
1549907673559	mozrunner::runner	INFO	Running command: "/usr/bin/firefox" "-marionette" "-foreground" "-no-remote" "-profile" "/tmp/rust_mozprofile.bpOMAJaIO79E"
1549907673960	addons.webextension.screenshots@mozilla.org	WARN	Loading extension 'screenshots@mozilla.org': Reading manifest: Invalid host permission: resource://pdf.js/
1549907673961	addons.webextension.screenshots@mozilla.org	WARN	Loading extension 'screenshots@mozilla.org': Reading manifest: Invalid host permission: about:reader*

(firefox:2479): Gtk-WARNING **: 18:54:34.243: Theme parsing error: <data>:1:34: Expected ')' in color definition

(firefox:2479): Gtk-WARNING **: 18:54:34.243: Theme parsing error: <data>:1:77: Expected ')' in color definition
1549907675781	Marionette	INFO	Listening on port 44799
1549907675879	Marionette	WARN	TLS certificate errors will be ignored for this session
1549907689791	Marionette	INFO	Stopped listening on port 44799
JavaScript error: resource://gre/modules/WebProgressChild.jsm, line 58: TypeError: this.mm.content is null
1549907805866	mozrunner::runner	INFO	Running command: "/usr/bin/firefox" "-marionette" "-foreground" "-no-remote" "-profile" "/tmp/rust_mozprofile.hJHRdaHm2yka"
1549907806256	addons.webextension.screenshots@mozilla.org	WARN	Loading extension 'screenshots@mozilla.org': Reading manifest: Invalid host permission: resource://pdf.js/
1549907806256	addons.webextension.screenshots@mozilla.org	WARN	Loading extension 'screenshots@mozilla.org': Reading manifest: Invalid host permission: about:reader*

(firefox:3507): Gtk-WARNING **: 18:56:46.551: Theme parsing error: <data>:1:34: Expected ')' in color definition

(firefox:3507): Gtk-WARNING **: 18:56:46.551: Theme parsing error: <data>:1:77: Expected ')' in color definition
1549907807859	Marionette	INFO	Listening on port 37585
1549907807882	Marionette	WARN	TLS certificate errors will be ignored for this session
1549907820693	Marionette	INFO	Stopped listening on port 37585
[Parent 3507, Gecko_IOThread] WARNING: pipe error (79): Połączenie zerwane przez drugą stronę: file /build/firefox-HN7tk_/firefox-65.0+build2/ipc/chromium/src/chrome/common/ipc_channel_posix.cc, line 349
JavaScript error: resource://gre/modules/WebProgressChild.jsm, line 58: TypeError: this.mm.content is null

###!!! [Child][MessageChannel] Error: (msgtype=0x3500B9,name=PContent::Msg_ScriptError) Channel closing: too late to send/recv, messages will be lost


###!!! [Child][RunMessage] Error: Channel closing: too late to send/recv, messages will be lost


###!!! [Child][RunMessage] Error: Channel closing: too late to send/recv, messages will be lost

1549908126313	mozrunner::runner	INFO	Running command: "/usr/bin/firefox" "-marionette" "-foreground" "-no-remote" "-profile" "/tmp/rust_mozprofile.VxXkhMW9mlQg"
1549908126679	addons.webextension.screenshots@mozilla.org	WARN	Loading extension 'screenshots@mozilla.org': Reading manifest: Invalid host permission: resource://pdf.js/
1549908126679	addons.webextension.screenshots@mozilla.org	WARN	Loading extension 'screenshots@mozilla.org': Reading manifest: Invalid host permission: about:reader*

(firefox:4491): Gtk-WARNING **: 19:02:06.954: Theme parsing error: <data>:1:34: Expected ')' in color definition

(firefox:4491): Gtk-WARNING **: 19:02:06.954: Theme parsing error: <data>:1:77: Expected ')' in color definition
1549908128246	Marionette	INFO	Listening on port 45967
1549908128332	Marionette	WARN	TLS certificate errors will be ignored for this session
1549908153040	Marionette	INFO	Stopped listening on port 45967
1549908180136	mozrunner::runner	INFO	Running command: "/usr/bin/firefox" "-marionette" "-foreground" "-no-remote" "-profile" "/tmp/rust_mozprofile.sdcrhuQYi58M"
1549908180505	addons.webextension.screenshots@mozilla.org	WARN	Loading extension 'screenshots@mozilla.org': Reading manifest: Invalid host permission: resource://pdf.js/
1549908180505	addons.webextension.screenshots@mozilla.org	WARN	Loading extension 'screenshots@mozilla.org': Reading manifest: Invalid host permission: about:reader*

(firefox:5414): Gtk-WARNING **: 19:03:00.790: Theme parsing error: <data>:1:34: Expected ')' in color definition

(firefox:5414): Gtk-WARNING **: 19:03:00.790: Theme parsing error: <data>:1:77: Expected ')' in color definition
1549908182080	Marionette	INFO	Listening on port 35321
1549908182153	Marionette	WARN	TLS certificate errors will be ignored for this session
[Parent 5414, Gecko_IOThread] WARNING: pipe error (79): Połączenie zerwane przez drugą stronę: file /build/firefox-HN7tk_/firefox-65.0+build2/ipc/chromium/src/chrome/common/ipc_channel_posix.cc, line 349
1549908214289	Marionette	INFO	Stopped listening on port 35321
1549908216693	mozrunner::runner	INFO	Running command: "/usr/bin/firefox" "-marionette" "-foreground" "-no-remote" "-profile" "/tmp/rust_mozprofile.yJi9o06A0UBD"
1549908217082	addons.webextension.screenshots@mozilla.org	WARN	Loading extension 'screenshots@mozilla.org': Reading manifest: Invalid host permission: resource://pdf.js/
1549908217082	addons.webextension.screenshots@mozilla.org	WARN	Loading extension 'screenshots@mozilla.org': Reading manifest: Invalid host permission: about:reader*

(firefox:6351): Gtk-WARNING **: 19:03:37.364: Theme parsing error: <data>:1:34: Expected ')' in color definition

(firefox:6351): Gtk-WARNING **: 19:03:37.364: Theme parsing error: <data>:1:77: Expected ')' in color definition
1549908218727	Marionette	INFO	Listening on port 36323
1549908218853	Marionette	WARN	TLS certificate errors will be ignored for this session
1549908381991	mozrunner::runner	INFO	Running command: "/usr/bin/firefox" "-marionette" "-foreground" "-no-remote" "-profile" "/tmp/rust_mozprofile.JoWjjZd141js"
1549908382361	addons.webextension.screenshots@mozilla.org	WARN	Loading extension 'screenshots@mozilla.org': Reading manifest: Invalid host permission: resource://pdf.js/
1549908382362	addons.webextension.screenshots@mozilla.org	WARN	Loading extension 'screenshots@mozilla.org': Reading manifest: Invalid host permission: about:reader*

(firefox:7347): Gtk-WARNING **: 19:06:22.648: Theme parsing error: <data>:1:34: Expected ')' in color definition

(firefox:7347): Gtk-WARNING **: 19:06:22.648: Theme parsing error: <data>:1:77: Expected ')' in color definition
1549908384191	Marionette	INFO	Listening on port 36625
1549908384211	Marionette	WARN	TLS certificate errors will be ignored for this session
1549908397881	Marionette	INFO	Stopped listening on port 36625
IPDL protocol error: Handler returned error code!

###!!! [Parent][DispatchAsyncMessage] Error: PLayerTransaction::Msg_ReleaseLayer Processing error: message was deserialized, but the handler returned false (indicating failure)

IPDL protocol error: Handler returned error code!

###!!! [Parent][DispatchAsyncMessage] Error: PLayerTransaction::Msg_ReleaseLayer Processing error: message was deserialized, but the handler returned false (indicating failure)

IPDL protocol error: Handler returned error code!

###!!! [Parent][DispatchAsyncMessage] Error: PLayerTransaction::Msg_ReleaseLayer Processing error: message was deserialized, but the handler returned false (indicating failure)

IPDL protocol error: Handler returned error code!

###!!! [Parent][DispatchAsyncMessage] Error: PLayerTransaction::Msg_ReleaseLayer Processing error: message was deserialized, but the handler returned false (indicating failure)

IPDL protocol error: Handler returned error code!

###!!! [Parent][DispatchAsyncMessage] Error: PLayerTransaction::Msg_ReleaseLayer Processing error: message was deserialized, but the handler returned false (indicating failure)

IPDL protocol error: Handler returned error code!

###!!! [Parent][DispatchAsyncMessage] Error: PLayerTransaction::Msg_ReleaseLayer Processing error: message was deserialized, but the handler returned false (indicating failure)

IPDL protocol error: Handler returned error code!

###!!! [Parent][DispatchAsyncMessage] Error: PLayerTransaction::Msg_ReleaseLayer Processing error: message was deserialized, but the handler returned false (indicating failure)

IPDL protocol error: Handler returned error code!

###!!! [Parent][DispatchAsyncMessage] Error: PLayerTransaction::Msg_ReleaseLayer Processing error: message was deserialized, but the handler returned false (indicating failure)

IPDL protocol error: Handler returned error code!

###!!! [Parent][DispatchAsyncMessage] Error: PLayerTransaction::Msg_ReleaseLayer Processing error: message was deserialized, but the handler returned false (indicating failure)

[Parent 6351, Gecko_IOThread] WARNING: pipe error (79): Połączenie zerwane przez drugą stronę: file /build/firefox-HN7tk_/firefox-65.0+build2/ipc/chromium/src/chrome/common/ipc_channel_posix.cc, line 349
[Parent 6351, Gecko_IOThread] WARNING: pipe error (69): Połączenie zerwane przez drugą stronę: file /build/firefox-HN7tk_/firefox-65.0+build2/ipc/chromium/src/chrome/common/ipc_channel_posix.cc, line 349
1549908499726	Marionette	INFO	Stopped listening on port 36323
1549909259786	mozrunner::runner	INFO	Running command: "/usr/bin/firefox" "-marionette" "-foreground" "-no-remote" "-profile" "/tmp/rust_mozprofile.eaYkNeUJgqgc"
1549909260166	addons.webextension.screenshots@mozilla.org	WARN	Loading extension 'screenshots@mozilla.org': Reading manifest: Invalid host permission: resource://pdf.js/
1549909260166	addons.webextension.screenshots@mozilla.org	WARN	Loading extension 'screenshots@mozilla.org': Reading manifest: Invalid host permission: about:reader*

(firefox:8572): Gtk-WARNING **: 19:21:00.452: Theme parsing error: <data>:1:34: Expected ')' in color definition

(firefox:8572): Gtk-WARNING **: 19:21:00.453: Theme parsing error: <data>:1:77: Expected ')' in color definition
1549909261804	Marionette	INFO	Listening on port 44063
1549909261910	Marionette	WARN	TLS certificate errors will be ignored for this session
1549909274682	Marionette	INFO	Stopped listening on port 44063
JavaScript error: resource://gre/modules/WebProgressChild.jsm, line 58: TypeError: this.mm.content is null

###!!! [Child][RunMessage] Error: Channel closing: too late to send/recv, messages will be lost


###!!! [Child][MessageChannel] Error: (msgtype=0x3500B9,name=PContent::Msg_ScriptError) Channel closing: too late to send/recv, messages will be lost


###!!! [Child][RunMessage] Error: Channel closing: too late to send/recv, messages will be lost


###!!! [Child][RunMessage] Error: Channel closing: too late to send/recv, messages will be lost


###!!! [Child][MessageChannel] Error: (msgtype=0x3500B9,name=PContent::Msg_ScriptError) Channel closing: too late to send/recv, messages will be lost


###!!! [Child][RunMessage] Error: Channel closing: too late to send/recv, messages will be lost


###!!! [Child][RunMessage] Error: Channel closing: too late to send/recv, messages will be lost


###!!! [Child][MessageChannel] Error: (msgtype=0x52000E,name=PHttpChannel::Msg_DeletingChannel) Channel closing: too late to send/recv, messages will be lost


###!!! [Child][MessageChannel] Error: (msgtype=0x3500B9,name=PContent::Msg_ScriptError) Channel closing: too late to send/recv, messages will be lost


###!!! [Child][RunMessage] Error: Channel closing: too late to send/recv, messages will be lost


###!!! [Child][RunMessage] Error: Channel closing: too late to send/recv, messages will be lost


###!!! [Child][RunMessage] Error: Channel closing: too late to send/recv, messages will be lost

1549909677028	mozrunner::runner	INFO	Running command: "/usr/bin/firefox" "-marionette" "-foreground" "-no-remote" "-profile" "/tmp/rust_mozprofile.QDbOSSPiJHMu"
1549909677399	addons.webextension.screenshots@mozilla.org	WARN	Loading extension 'screenshots@mozilla.org': Reading manifest: Invalid host permission: resource://pdf.js/
1549909677399	addons.webextension.screenshots@mozilla.org	WARN	Loading extension 'screenshots@mozilla.org': Reading manifest: Invalid host permission: about:reader*

(firefox:9594): Gtk-WARNING **: 19:27:57.684: Theme parsing error: <data>:1:34: Expected ')' in color definition

(firefox:9594): Gtk-WARNING **: 19:27:57.684: Theme parsing error: <data>:1:77: Expected ')' in color definition
1549909679041	Marionette	INFO	Listening on port 38161
1549909679138	Marionette	WARN	TLS certificate errors will be ignored for this session
1549909693887	Marionette	INFO	Stopped listening on port 38161
IPDL protocol error: Handler returned error code!

###!!! [Parent][DispatchAsyncMessage] Error: PLayerTransaction::Msg_ReleaseLayer Processing error: message was deserialized, but the handler returned false (indicating failure)

IPDL protocol error: Handler returned error code!

###!!! [Parent][DispatchAsyncMessage] Error: PLayerTransaction::Msg_ReleaseLayer Processing error: message was deserialized, but the handler returned false (indicating failure)

1549909869753	mozrunner::runner	INFO	Running command: "/usr/bin/firefox" "-marionette" "-foreground" "-no-remote" "-profile" "/tmp/rust_mozprofile.Rc4FJQjOylFj"
1549909870125	addons.webextension.screenshots@mozilla.org	WARN	Loading extension 'screenshots@mozilla.org': Reading manifest: Invalid host permission: resource://pdf.js/
1549909870125	addons.webextension.screenshots@mozilla.org	WARN	Loading extension 'screenshots@mozilla.org': Reading manifest: Invalid host permission: about:reader*

(firefox:10565): Gtk-WARNING **: 19:31:10.398: Theme parsing error: <data>:1:34: Expected ')' in color definition

(firefox:10565): Gtk-WARNING **: 19:31:10.398: Theme parsing error: <data>:1:77: Expected ')' in color definition
1549909871721	Marionette	INFO	Listening on port 35747
1549909871772	Marionette	WARN	TLS certificate errors will be ignored for this session
console.error: BroadcastService: 
  receivedBroadcastMessage: handler for
  remote-settings/monitor_changes
  threw error:
  Message: Error: Polling for changes failed: NetworkError when attempting to fetch resource..
  Stack:
    remoteSettingsFunction/remoteSettings.pollChanges@resource://services-settings/remote-settings.js:188:13

[Child 10729, Chrome_ChildThread] WARNING: pipe error (3): Połączenie zerwane przez drugą stronę: file /build/firefox-HN7tk_/firefox-65.0+build2/ipc/chromium/src/chrome/common/ipc_channel_posix.cc, line 349
[Parent 10565, Gecko_IOThread] WARNING: pipe error (79): Połączenie zerwane przez drugą stronę: file /build/firefox-HN7tk_/firefox-65.0+build2/ipc/chromium/src/chrome/common/ipc_channel_posix.cc, line 349
1549909952906	Marionette	INFO	Stopped listening on port 35747
1549909957956	mozrunner::runner	INFO	Running command: "/usr/bin/firefox" "-marionette" "-foreground" "-no-remote" "-profile" "/tmp/rust_mozprofile.e9GJwJmKpYgb"
1549909958334	addons.webextension.screenshots@mozilla.org	WARN	Loading extension 'screenshots@mozilla.org': Reading manifest: Invalid host permission: resource://pdf.js/
1549909958334	addons.webextension.screenshots@mozilla.org	WARN	Loading extension 'screenshots@mozilla.org': Reading manifest: Invalid host permission: about:reader*

(firefox:11505): Gtk-WARNING **: 19:32:38.635: Theme parsing error: <data>:1:34: Expected ')' in color definition

(firefox:11505): Gtk-WARNING **: 19:32:38.635: Theme parsing error: <data>:1:77: Expected ')' in color definition
1549909959909	Marionette	INFO	Listening on port 44029
1549909959989	Marionette	WARN	TLS certificate errors will be ignored for this session
console.error: BroadcastService: 
  receivedBroadcastMessage: handler for
  remote-settings/monitor_changes
  threw error:
  Message: Error: Polling for changes failed: NetworkError when attempting to fetch resource..
  Stack:
    remoteSettingsFunction/remoteSettings.pollChanges@resource://services-settings/remote-settings.js:188:13

[Parent 11505, Gecko_IOThread] WARNING: pipe error (125): Połączenie zerwane przez drugą stronę: file /build/firefox-HN7tk_/firefox-65.0+build2/ipc/chromium/src/chrome/common/ipc_channel_posix.cc, line 349
1549910212039	Marionette	INFO	Stopped listening on port 44029
1549910272838	mozrunner::runner	INFO	Running command: "/usr/bin/firefox" "-marionette" "-foreground" "-no-remote" "-profile" "/tmp/rust_mozprofile.mnCPtZVzjExI"
1549910273288	addons.webextension.screenshots@mozilla.org	WARN	Loading extension 'screenshots@mozilla.org': Reading manifest: Invalid host permission: resource://pdf.js/
1549910273288	addons.webextension.screenshots@mozilla.org	WARN	Loading extension 'screenshots@mozilla.org': Reading manifest: Invalid host permission: about:reader*

(firefox:12492): Gtk-WARNING **: 19:37:53.566: Theme parsing error: <data>:1:34: Expected ')' in color definition

(firefox:12492): Gtk-WARNING **: 19:37:53.566: Theme parsing error: <data>:1:77: Expected ')' in color definition
1549910274881	Marionette	INFO	Listening on port 41437
1549910274959	Marionette	WARN	TLS certificate errors will be ignored for this session
[Parent 12492, Gecko_IOThread] WARNING: pipe error (79): Połączenie zerwane przez drugą stronę: file /build/firefox-HN7tk_/firefox-65.0+build2/ipc/chromium/src/chrome/common/ipc_channel_posix.cc, line 349
[Parent 12492, Gecko_IOThread] WARNING: pipe error (98): Połączenie zerwane przez drugą stronę: file /build/firefox-HN7tk_/firefox-65.0+build2/ipc/chromium/src/chrome/common/ipc_channel_posix.cc, line 349
[Parent 12492, Gecko_IOThread] WARNING: pipe error (127): Połączenie zerwane przez drugą stronę: file /build/firefox-HN7tk_/firefox-65.0+build2/ipc/chromium/src/chrome/common/ipc_channel_posix.cc, line 349
1549910311912	Marionette	INFO	Stopped listening on port 41437
1549910315031	mozrunner::runner	INFO	Running command: "/usr/bin/firefox" "-marionette" "-foreground" "-no-remote" "-profile" "/tmp/rust_mozprofile.smqySvOv7ZAU"
1549910315398	addons.webextension.screenshots@mozilla.org	WARN	Loading extension 'screenshots@mozilla.org': Reading manifest: Invalid host permission: resource://pdf.js/
1549910315398	addons.webextension.screenshots@mozilla.org	WARN	Loading extension 'screenshots@mozilla.org': Reading manifest: Invalid host permission: about:reader*

(firefox:13414): Gtk-WARNING **: 19:38:35.701: Theme parsing error: <data>:1:34: Expected ')' in color definition

(firefox:13414): Gtk-WARNING **: 19:38:35.701: Theme parsing error: <data>:1:77: Expected ')' in color definition
1549910317057	Marionette	INFO	Listening on port 46065
1549910317247	Marionette	WARN	TLS certificate errors will be ignored for this session
[Parent 13414, Gecko_IOThread] WARNING: pipe error (79): Połączenie zerwane przez drugą stronę: file /build/firefox-HN7tk_/firefox-65.0+build2/ipc/chromium/src/chrome/common/ipc_channel_posix.cc, line 349
[Parent 13414, Gecko_IOThread] WARNING: pipe error (100): Połączenie zerwane przez drugą stronę: file /build/firefox-HN7tk_/firefox-65.0+build2/ipc/chromium/src/chrome/common/ipc_channel_posix.cc, line 349
[Parent 13414, Gecko_IOThread] WARNING: pipe error (129): Połączenie zerwane przez drugą stronę: file /build/firefox-HN7tk_/firefox-65.0+build2/ipc/chromium/src/chrome/common/ipc_channel_posix.cc, line 349
1549910348551	Marionette	INFO	Stopped listening on port 46065
1549910350813	mozrunner::runner	INFO	Running command: "/usr/bin/firefox" "-marionette" "-foreground" "-no-remote" "-profile" "/tmp/rust_mozprofile.ZqC6HgcakKdF"
1549910351177	addons.webextension.screenshots@mozilla.org	WARN	Loading extension 'screenshots@mozilla.org': Reading manifest: Invalid host permission: resource://pdf.js/
1549910351178	addons.webextension.screenshots@mozilla.org	WARN	Loading extension 'screenshots@mozilla.org': Reading manifest: Invalid host permission: about:reader*

(firefox:14338): Gtk-WARNING **: 19:39:11.450: Theme parsing error: <data>:1:34: Expected ')' in color definition

(firefox:14338): Gtk-WARNING **: 19:39:11.450: Theme parsing error: <data>:1:77: Expected ')' in color definition
1549910352874	Marionette	INFO	Listening on port 33931
1549910352927	Marionette	WARN	TLS certificate errors will be ignored for this session
console.error: BroadcastService: 
  receivedBroadcastMessage: handler for
  remote-settings/monitor_changes
  threw error:
  Message: Error: Polling for changes failed: NetworkError when attempting to fetch resource..
  Stack:
    remoteSettingsFunction/remoteSettings.pollChanges@resource://services-settings/remote-settings.js:188:13

1549910417261	Marionette	INFO	Stopped listening on port 33931
[Parent 14338, Gecko_IOThread] WARNING: pipe error (79): Połączenie zerwane przez drugą stronę: file /build/firefox-HN7tk_/firefox-65.0+build2/ipc/chromium/src/chrome/common/ipc_channel_posix.cc, line 349
[Parent 14338, Gecko_IOThread] WARNING: pipe error (124): Połączenie zerwane przez drugą stronę: file /build/firefox-HN7tk_/firefox-65.0+build2/ipc/chromium/src/chrome/common/ipc_channel_posix.cc, line 349
1549910498899	mozrunner::runner	INFO	Running command: "/usr/bin/firefox" "-marionette" "-foreground" "-no-remote" "-profile" "/tmp/rust_mozprofile.xyVO0UzbDUsL"
1549910499260	addons.webextension.screenshots@mozilla.org	WARN	Loading extension 'screenshots@mozilla.org': Reading manifest: Invalid host permission: resource://pdf.js/
1549910499260	addons.webextension.screenshots@mozilla.org	WARN	Loading extension 'screenshots@mozilla.org': Reading manifest: Invalid host permission: about:reader*

(firefox:15308): Gtk-WARNING **: 19:41:39.554: Theme parsing error: <data>:1:34: Expected ')' in color definition

(firefox:15308): Gtk-WARNING **: 19:41:39.554: Theme parsing error: <data>:1:77: Expected ')' in color definition
1549910500864	Marionette	INFO	Listening on port 39945
1549910500917	Marionette	WARN	TLS certificate errors will be ignored for this session
console.error: BroadcastService: 
  receivedBroadcastMessage: handler for
  remote-settings/monitor_changes
  threw error:
  Message: Error: Polling for changes failed: NetworkError when attempting to fetch resource..
  Stack:
    remoteSettingsFunction/remoteSettings.pollChanges@resource://services-settings/remote-settings.js:188:13

1549910818168	mozrunner::runner	INFO	Running command: "/usr/bin/firefox" "-marionette" "-foreground" "-no-remote" "-profile" "/tmp/rust_mozprofile.A1hylq8mMP25"
1549910818561	addons.webextension.screenshots@mozilla.org	WARN	Loading extension 'screenshots@mozilla.org': Reading manifest: Invalid host permission: resource://pdf.js/
1549910818561	addons.webextension.screenshots@mozilla.org	WARN	Loading extension 'screenshots@mozilla.org': Reading manifest: Invalid host permission: about:reader*

(firefox:16280): Gtk-WARNING **: 19:46:58.864: Theme parsing error: <data>:1:34: Expected ')' in color definition

(firefox:16280): Gtk-WARNING **: 19:46:58.864: Theme parsing error: <data>:1:77: Expected ')' in color definition
1549910820172	Marionette	INFO	Listening on port 38963
1549910820279	Marionette	WARN	TLS certificate errors will be ignored for this session
1549910827369	Marionette	INFO	Stopped listening on port 38963
[Parent 15308, Gecko_IOThread] WARNING: pipe error (71): Połączenie zerwane przez drugą stronę: file /build/firefox-HN7tk_/firefox-65.0+build2/ipc/chromium/src/chrome/common/ipc_channel_posix.cc, line 349
1549910830167	Marionette	INFO	Stopped listening on port 39945
1549910839169	mozrunner::runner	INFO	Running command: "/usr/bin/firefox" "-marionette" "-foreground" "-no-remote" "-profile" "/tmp/rust_mozprofile.yYaSkWVVAin1"
1549910839562	addons.webextension.screenshots@mozilla.org	WARN	Loading extension 'screenshots@mozilla.org': Reading manifest: Invalid host permission: resource://pdf.js/
1549910839562	addons.webextension.screenshots@mozilla.org	WARN	Loading extension 'screenshots@mozilla.org': Reading manifest: Invalid host permission: about:reader*

(firefox:17183): Gtk-WARNING **: 19:47:19.871: Theme parsing error: <data>:1:34: Expected ')' in color definition

(firefox:17183): Gtk-WARNING **: 19:47:19.871: Theme parsing error: <data>:1:77: Expected ')' in color definition
1549910841212	Marionette	INFO	Listening on port 33499
1549910841356	Marionette	WARN	TLS certificate errors will be ignored for this session
[Parent 17183, Gecko_IOThread] WARNING: pipe error (71): Połączenie zerwane przez drugą stronę: file /build/firefox-HN7tk_/firefox-65.0+build2/ipc/chromium/src/chrome/common/ipc_channel_posix.cc, line 349
[Parent 17183, Gecko_IOThread] WARNING: pipe error (126): Połączenie zerwane przez drugą stronę: file /build/firefox-HN7tk_/firefox-65.0+build2/ipc/chromium/src/chrome/common/ipc_channel_posix.cc, line 349
[Parent 17183, Gecko_IOThread] WARNING: pipe error (79): Połączenie zerwane przez drugą stronę: file /build/firefox-HN7tk_/firefox-65.0+build2/ipc/chromium/src/chrome/common/ipc_channel_posix.cc, line 349
1549910870265	Marionette	INFO	Stopped listening on port 33499
1549910873196	mozrunner::runner	INFO	Running command: "/usr/bin/firefox" "-marionette" "-foreground" "-no-remote" "-profile" "/tmp/rust_mozprofile.L4AV72PyAlFB"
1549910873562	addons.webextension.screenshots@mozilla.org	WARN	Loading extension 'screenshots@mozilla.org': Reading manifest: Invalid host permission: resource://pdf.js/
1549910873562	addons.webextension.screenshots@mozilla.org	WARN	Loading extension 'screenshots@mozilla.org': Reading manifest: Invalid host permission: about:reader*

(firefox:18114): Gtk-WARNING **: 19:47:53.869: Theme parsing error: <data>:1:34: Expected ')' in color definition

(firefox:18114): Gtk-WARNING **: 19:47:53.869: Theme parsing error: <data>:1:77: Expected ')' in color definition
1549910875224	Marionette	INFO	Listening on port 40189
1549910875419	Marionette	WARN	TLS certificate errors will be ignored for this session
console.error: BroadcastService: 
  receivedBroadcastMessage: handler for
  remote-settings/monitor_changes
  threw error:
  Message: Error: Polling for changes failed: NetworkError when attempting to fetch resource..
  Stack:
    remoteSettingsFunction/remoteSettings.pollChanges@resource://services-settings/remote-settings.js:188:13

[Parent 18114, Gecko_IOThread] WARNING: pipe error (79): Połączenie zerwane przez drugą stronę: file /build/firefox-HN7tk_/firefox-65.0+build2/ipc/chromium/src/chrome/common/ipc_channel_posix.cc, line 349
[Parent 18114, Gecko_IOThread] WARNING: pipe error (96): Połączenie zerwane przez drugą stronę: file /build/firefox-HN7tk_/firefox-65.0+build2/ipc/chromium/src/chrome/common/ipc_channel_posix.cc, line 349
1549911062446	Marionette	INFO	Stopped listening on port 40189
1549911067756	mozrunner::runner	INFO	Running command: "/usr/bin/firefox" "-marionette" "-foreground" "-no-remote" "-profile" "/tmp/rust_mozprofile.TVlrtNCm4lZg"
1549911068153	addons.webextension.screenshots@mozilla.org	WARN	Loading extension 'screenshots@mozilla.org': Reading manifest: Invalid host permission: resource://pdf.js/
1549911068154	addons.webextension.screenshots@mozilla.org	WARN	Loading extension 'screenshots@mozilla.org': Reading manifest: Invalid host permission: about:reader*

(firefox:19085): Gtk-WARNING **: 19:51:08.437: Theme parsing error: <data>:1:34: Expected ')' in color definition

(firefox:19085): Gtk-WARNING **: 19:51:08.437: Theme parsing error: <data>:1:77: Expected ')' in color definition
1549911069798	Marionette	INFO	Listening on port 45003
1549911069883	Marionette	WARN	TLS certificate errors will be ignored for this session
1549911091730	Marionette	INFO	Stopped listening on port 45003
1549911671613	mozrunner::runner	INFO	Running command: "/usr/bin/firefox" "-marionette" "-foreground" "-no-remote" "-profile" "/tmp/rust_mozprofile.6ECbEXxfJAo1"
1549911672074	addons.webextension.screenshots@mozilla.org	WARN	Loading extension 'screenshots@mozilla.org': Reading manifest: Invalid host permission: resource://pdf.js/
1549911672075	addons.webextension.screenshots@mozilla.org	WARN	Loading extension 'screenshots@mozilla.org': Reading manifest: Invalid host permission: about:reader*

(firefox:20110): Gtk-WARNING **: 20:01:12.388: Theme parsing error: <data>:1:34: Expected ')' in color definition

(firefox:20110): Gtk-WARNING **: 20:01:12.388: Theme parsing error: <data>:1:77: Expected ')' in color definition
1549911674075	Marionette	INFO	Listening on port 41165
1549911674225	Marionette	WARN	TLS certificate errors will be ignored for this session
1549911779037	mozrunner::runner	INFO	Running command: "/usr/bin/firefox" "-marionette" "-foreground" "-no-remote" "-profile" "/tmp/rust_mozprofile.2RCQFCx05mmf"
1549911779427	addons.webextension.screenshots@mozilla.org	WARN	Loading extension 'screenshots@mozilla.org': Reading manifest: Invalid host permission: resource://pdf.js/
1549911779428	addons.webextension.screenshots@mozilla.org	WARN	Loading extension 'screenshots@mozilla.org': Reading manifest: Invalid host permission: about:reader*

(firefox:21097): Gtk-WARNING **: 20:02:59.728: Theme parsing error: <data>:1:34: Expected ')' in color definition

(firefox:21097): Gtk-WARNING **: 20:02:59.728: Theme parsing error: <data>:1:77: Expected ')' in color definition
1549911781238	Marionette	INFO	Listening on port 41199
1549911781274	Marionette	WARN	TLS certificate errors will be ignored for this session

###!!! [Child][RunMessage] Error: Channel closing: too late to send/recv, messages will be lost


###!!! [Child][RunMessage] Error: Channel closing: too late to send/recv, messages will be lost


###!!! [Child][RunMessage] Error: Channel closing: too late to send/recv, messages will be lost


###!!! [Child][RunMessage] Error: Channel closing: too late to send/recv, messages will be lost


###!!! [Child][RunMessage] Error: Channel closing: too late to send/recv, messages will be lost

1549911788388	Marionette	INFO	Stopped listening on port 41199
JavaScript error: resource://gre/modules/WebProgressChild.jsm, line 58: TypeError: this.mm.content is null
IPDL protocol error: Handler returned error code!

###!!! [Parent][DispatchAsyncMessage] Error: PLayerTransaction::Msg_ReleaseLayer Processing error: message was deserialized, but the handler returned false (indicating failure)

IPDL protocol error: Handler returned error code!

###!!! [Parent][DispatchAsyncMessage] Error: PLayerTransaction::Msg_ReleaseLayer Processing error: message was deserialized, but the handler returned false (indicating failure)

IPDL protocol error: Handler returned error code!

###!!! [Parent][DispatchAsyncMessage] Error: PLayerTransaction::Msg_ReleaseLayer Processing error: message was deserialized, but the handler returned false (indicating failure)

IPDL protocol error: Handler returned error code!

###!!! [Parent][DispatchAsyncMessage] Error: PLayerTransaction::Msg_ReleaseLayer Processing error: message was deserialized, but the handler returned false (indicating failure)

IPDL protocol error: Handler returned error code!

###!!! [Parent][DispatchAsyncMessage] Error: PLayerTransaction::Msg_ReleaseLayer Processing error: message was deserialized, but the handler returned false (indicating failure)

IPDL protocol error: Handler returned error code!

###!!! [Parent][DispatchAsyncMessage] Error: PLayerTransaction::Msg_ReleaseLayer Processing error: message was deserialized, but the handler returned false (indicating failure)

IPDL protocol error: Handler returned error code!

###!!! [Parent][DispatchAsyncMessage] Error: PLayerTransaction::Msg_ReleaseLayer Processing error: message was deserialized, but the handler returned false (indicating failure)

[Parent 20110, Gecko_IOThread] WARNING: pipe error (79): Połączenie zerwane przez drugą stronę: file /build/firefox-HN7tk_/firefox-65.0+build2/ipc/chromium/src/chrome/common/ipc_channel_posix.cc, line 349
1549911791955	Marionette	INFO	Stopped listening on port 41165
1549911796328	mozrunner::runner	INFO	Running command: "/usr/bin/firefox" "-marionette" "-foreground" "-no-remote" "-profile" "/tmp/rust_mozprofile.Ao40iyyCjCeb"
1549911796724	addons.webextension.screenshots@mozilla.org	WARN	Loading extension 'screenshots@mozilla.org': Reading manifest: Invalid host permission: resource://pdf.js/
1549911796724	addons.webextension.screenshots@mozilla.org	WARN	Loading extension 'screenshots@mozilla.org': Reading manifest: Invalid host permission: about:reader*

(firefox:22007): Gtk-WARNING **: 20:03:17.022: Theme parsing error: <data>:1:34: Expected ')' in color definition

(firefox:22007): Gtk-WARNING **: 20:03:17.022: Theme parsing error: <data>:1:77: Expected ')' in color definition
1549911798440	Marionette	INFO	Listening on port 45969
1549911798579	Marionette	WARN	TLS certificate errors will be ignored for this session
1549912260974	mozrunner::runner	INFO	Running command: "/usr/bin/firefox" "-marionette" "-foreground" "-no-remote" "-profile" "/tmp/rust_mozprofile.8xqhDwZvsunl"
1549912261369	addons.webextension.screenshots@mozilla.org	WARN	Loading extension 'screenshots@mozilla.org': Reading manifest: Invalid host permission: resource://pdf.js/
1549912261369	addons.webextension.screenshots@mozilla.org	WARN	Loading extension 'screenshots@mozilla.org': Reading manifest: Invalid host permission: about:reader*

(firefox:23027): Gtk-WARNING **: 20:11:01.680: Theme parsing error: <data>:1:34: Expected ')' in color definition

(firefox:23027): Gtk-WARNING **: 20:11:01.680: Theme parsing error: <data>:1:77: Expected ')' in color definition
1549912263032	Marionette	INFO	Listening on port 34449
1549912263100	Marionette	WARN	TLS certificate errors will be ignored for this session
console.error: BroadcastService: 
  receivedBroadcastMessage: handler for
  remote-settings/monitor_changes
  threw error:
  Message: Error: Polling for changes failed: NetworkError when attempting to fetch resource..
  Stack:
    remoteSettingsFunction/remoteSettings.pollChanges@resource://services-settings/remote-settings.js:188:13

console.error: BroadcastService: 
  receivedBroadcastMessage: handler for
  remote-settings/monitor_changes
  threw error:
  Message: Error: Polling for changes failed: NetworkError when attempting to fetch resource..
  Stack:
    remoteSettingsFunction/remoteSettings.pollChanges@resource://services-settings/remote-settings.js:188:13


###!!! [Child][RunMessage] Error: Channel closing: too late to send/recv, messages will be lost

[Parent 23027, Gecko_IOThread] WARNING: pipe error (79): Połączenie zerwane przez drugą stronę: file /build/firefox-HN7tk_/firefox-65.0+build2/ipc/chromium/src/chrome/common/ipc_channel_posix.cc, line 349
[Parent 23027, Gecko_IOThread] WARNING: pipe error (69): Połączenie zerwane przez drugą stronę: file /build/firefox-HN7tk_/firefox-65.0+build2/ipc/chromium/src/chrome/common/ipc_channel_posix.cc, line 349
1549912319460	Marionette	INFO	Stopped listening on port 34449
[Parent 22007, Gecko_IOThread] WARNING: pipe error (79): Połączenie zerwane przez drugą stronę: file /build/firefox-HN7tk_/firefox-65.0+build2/ipc/chromium/src/chrome/common/ipc_channel_posix.cc, line 349
IPDL protocol error: Handler returned error code!

###!!! [Parent][DispatchAsyncMessage] Error: PLayerTransaction::Msg_ReleaseLayer Processing error: message was deserialized, but the handler returned false (indicating failure)

IPDL protocol error: Handler returned error code!

###!!! [Parent][DispatchAsyncMessage] Error: PLayerTransaction::Msg_ReleaseLayer Processing error: message was deserialized, but the handler returned false (indicating failure)

IPDL protocol error: Handler returned error code!

###!!! [Parent][DispatchAsyncMessage] Error: PLayerTransaction::Msg_ReleaseLayer Processing error: message was deserialized, but the handler returned false (indicating failure)

IPDL protocol error: Handler returned error code!

###!!! [Parent][DispatchAsyncMessage] Error: PLayerTransaction::Msg_ReleaseLayer Processing error: message was deserialized, but the handler returned false (indicating failure)

IPDL protocol error: Handler returned error code!

###!!! [Parent][DispatchAsyncMessage] Error: PLayerTransaction::Msg_ReleaseLayer Processing error: message was deserialized, but the handler returned false (indicating failure)

IPDL protocol error: Handler returned error code!

###!!! [Parent][DispatchAsyncMessage] Error: PLayerTransaction::Msg_ReleaseLayer Processing error: message was deserialized, but the handler returned false (indicating failure)

IPDL protocol error: Handler returned error code!

###!!! [Parent][DispatchAsyncMessage] Error: PLayerTransaction::Msg_ReleaseLayer Processing error: message was deserialized, but the handler returned false (indicating failure)

1549912321219	Marionette	INFO	Stopped listening on port 45969
1549912342220	mozrunner::runner	INFO	Running command: "/usr/bin/firefox" "-marionette" "-foreground" "-no-remote" "-profile" "/tmp/rust_mozprofile.bwnP3zD4M7AD"
1549912342623	addons.webextension.screenshots@mozilla.org	WARN	Loading extension 'screenshots@mozilla.org': Reading manifest: Invalid host permission: resource://pdf.js/
1549912342623	addons.webextension.screenshots@mozilla.org	WARN	Loading extension 'screenshots@mozilla.org': Reading manifest: Invalid host permission: about:reader*

(firefox:23968): Gtk-WARNING **: 20:12:22.930: Theme parsing error: <data>:1:34: Expected ')' in color definition

(firefox:23968): Gtk-WARNING **: 20:12:22.930: Theme parsing error: <data>:1:77: Expected ')' in color definition
1549912344292	Marionette	INFO	Listening on port 41953
1549912344358	Marionette	WARN	TLS certificate errors will be ignored for this session
1549912358927	Marionette	WARN	TimedPromise timed out after 500 ms: stacktrace:
bail@chrome://marionette/content/sync.js:196:64
1549912363938	Marionette	INFO	Stopped listening on port 41953
[Parent 23968, Gecko_IOThread] WARNING: pipe error (126): Połączenie zerwane przez drugą stronę: file /build/firefox-HN7tk_/firefox-65.0+build2/ipc/chromium/src/chrome/common/ipc_channel_posix.cc, line 349
1549912374781	mozrunner::runner	INFO	Running command: "/usr/bin/firefox" "-marionette" "-foreground" "-no-remote" "-profile" "/tmp/rust_mozprofile.FugLNRD29pes"
1549912375176	addons.webextension.screenshots@mozilla.org	WARN	Loading extension 'screenshots@mozilla.org': Reading manifest: Invalid host permission: resource://pdf.js/
1549912375177	addons.webextension.screenshots@mozilla.org	WARN	Loading extension 'screenshots@mozilla.org': Reading manifest: Invalid host permission: about:reader*

(firefox:24895): Gtk-WARNING **: 20:12:55.468: Theme parsing error: <data>:1:34: Expected ')' in color definition

(firefox:24895): Gtk-WARNING **: 20:12:55.468: Theme parsing error: <data>:1:77: Expected ')' in color definition
1549912376855	Marionette	INFO	Listening on port 34809
1549912376898	Marionette	WARN	TLS certificate errors will be ignored for this session
1549912395690	Marionette	INFO	Stopped listening on port 34809
[Parent 24895, Gecko_IOThread] WARNING: pipe error (79): Połączenie zerwane przez drugą stronę: file /build/firefox-HN7tk_/firefox-65.0+build2/ipc/chromium/src/chrome/common/ipc_channel_posix.cc, line 349
1549913305443	mozrunner::runner	INFO	Running command: "/usr/bin/firefox" "-marionette" "-foreground" "-no-remote" "-profile" "/tmp/rust_mozprofile.Yo5KqOoE86jt"
1549913305835	addons.webextension.screenshots@mozilla.org	WARN	Loading extension 'screenshots@mozilla.org': Reading manifest: Invalid host permission: resource://pdf.js/
1549913305835	addons.webextension.screenshots@mozilla.org	WARN	Loading extension 'screenshots@mozilla.org': Reading manifest: Invalid host permission: about:reader*

(firefox:26029): Gtk-WARNING **: 20:28:26.124: Theme parsing error: <data>:1:34: Expected ')' in color definition

(firefox:26029): Gtk-WARNING **: 20:28:26.124: Theme parsing error: <data>:1:77: Expected ')' in color definition
1549913307424	Marionette	INFO	Listening on port 36527
1549913307463	Marionette	WARN	TLS certificate errors will be ignored for this session
IPDL protocol error: Handler returned error code!

###!!! [Parent][DispatchAsyncMessage] Error: PLayerTransaction::Msg_ReleaseLayer Processing error: message was deserialized, but the handler returned false (indicating failure)

IPDL protocol error: Handler returned error code!

###!!! [Parent][DispatchAsyncMessage] Error: PLayerTransaction::Msg_ReleaseLayer Processing error: message was deserialized, but the handler returned false (indicating failure)

IPDL protocol error: Handler returned error code!

###!!! [Parent][DispatchAsyncMessage] Error: PLayerTransaction::Msg_ReleaseLayer Processing error: message was deserialized, but the handler returned false (indicating failure)

IPDL protocol error: Handler returned error code!

###!!! [Parent][DispatchAsyncMessage] Error: PLayerTransaction::Msg_ReleaseLayer Processing error: message was deserialized, but the handler returned false (indicating failure)

IPDL protocol error: Handler returned error code!

###!!! [Parent][DispatchAsyncMessage] Error: PLayerTransaction::Msg_ReleaseLayer Processing error: message was deserialized, but the handler returned false (indicating failure)

IPDL protocol error: Handler returned error code!

###!!! [Parent][DispatchAsyncMessage] Error: PLayerTransaction::Msg_ReleaseLayer Processing error: message was deserialized, but the handler returned false (indicating failure)

IPDL protocol error: Handler returned error code!

###!!! [Parent][DispatchAsyncMessage] Error: PLayerTransaction::Msg_ReleaseLayer Processing error: message was deserialized, but the handler returned false (indicating failure)


###!!! [Child][RunMessage] Error: Channel closing: too late to send/recv, messages will be lost

[Parent 26029, Gecko_IOThread] WARNING: pipe error (79): Połączenie zerwane przez drugą stronę: file /build/firefox-HN7tk_/firefox-65.0+build2/ipc/chromium/src/chrome/common/ipc_channel_posix.cc, line 349
1549913558678	Marionette	INFO	Stopped listening on port 36527
1549913561651	mozrunner::runner	INFO	Running command: "/usr/bin/firefox" "-marionette" "-foreground" "-no-remote" "-profile" "/tmp/rust_mozprofile.FOf9U0fxsajA"
1549913562019	addons.webextension.screenshots@mozilla.org	WARN	Loading extension 'screenshots@mozilla.org': Reading manifest: Invalid host permission: resource://pdf.js/
1549913562019	addons.webextension.screenshots@mozilla.org	WARN	Loading extension 'screenshots@mozilla.org': Reading manifest: Invalid host permission: about:reader*

(firefox:27063): Gtk-WARNING **: 20:32:42.302: Theme parsing error: <data>:1:34: Expected ')' in color definition

(firefox:27063): Gtk-WARNING **: 20:32:42.302: Theme parsing error: <data>:1:77: Expected ')' in color definition
1549913563728	Marionette	INFO	Listening on port 40413
1549913563783	Marionette	WARN	TLS certificate errors will be ignored for this session
1549913578395	Marionette	WARN	TimedPromise timed out after 500 ms: stacktrace:
bail@chrome://marionette/content/sync.js:196:64
1549913583410	Marionette	INFO	Stopped listening on port 40413
[Parent 27063, Gecko_IOThread] WARNING: pipe error (79): Połączenie zerwane przez drugą stronę: file /build/firefox-HN7tk_/firefox-65.0+build2/ipc/chromium/src/chrome/common/ipc_channel_posix.cc, line 349
